[9.962s] Invoking command in '/home/ant/gazebo tutorials/home/11_move_around/src/autonomous_exploration': PYTHONPATH=/home/ant/gazebo tutorials/home/11_move_around/build/autonomous_exploration/prefix_override:/home/ant/gazebo tutorials/home/11_move_around/install/autonomous_exploration/lib/python3.8/site-packages:${PYTHONPATH} /usr/bin/python3 setup.py egg_info --egg-base ../../build/autonomous_exploration build --build-base /home/ant/gazebo tutorials/home/11_move_around/build/autonomous_exploration/build install --record /home/ant/gazebo tutorials/home/11_move_around/build/autonomous_exploration/install.log --single-version-externally-managed
[11.405s] running egg_info
[11.407s] creating ../../build/autonomous_exploration/autonomous_exploration.egg-info
[11.407s] writing ../../build/autonomous_exploration/autonomous_exploration.egg-info/PKG-INFO
[11.423s] writing dependency_links to ../../build/autonomous_exploration/autonomous_exploration.egg-info/dependency_links.txt
[11.423s] writing entry points to ../../build/autonomous_exploration/autonomous_exploration.egg-info/entry_points.txt
[11.423s] writing requirements to ../../build/autonomous_exploration/autonomous_exploration.egg-info/requires.txt
[11.423s] writing top-level names to ../../build/autonomous_exploration/autonomous_exploration.egg-info/top_level.txt
[11.435s] writing manifest file '../../build/autonomous_exploration/autonomous_exploration.egg-info/SOURCES.txt'
[11.669s] reading manifest file '../../build/autonomous_exploration/autonomous_exploration.egg-info/SOURCES.txt'
[11.670s] writing manifest file '../../build/autonomous_exploration/autonomous_exploration.egg-info/SOURCES.txt'
[11.670s] running build
[11.670s] running build_py
[11.680s] creating /home/ant/gazebo tutorials/home/11_move_around/build/autonomous_exploration/build
[11.680s] creating /home/ant/gazebo tutorials/home/11_move_around/build/autonomous_exploration/build/lib
[11.680s] creating /home/ant/gazebo tutorials/home/11_move_around/build/autonomous_exploration/build/lib/autonomous_exploration
[11.686s] copying autonomous_exploration/control.py -> /home/ant/gazebo tutorials/home/11_move_around/build/autonomous_exploration/build/lib/autonomous_exploration
[11.686s] copying autonomous_exploration/__init__.py -> /home/ant/gazebo tutorials/home/11_move_around/build/autonomous_exploration/build/lib/autonomous_exploration
[11.686s] running install
[11.703s] running install_lib
[11.715s] creating /home/ant/gazebo tutorials/home/11_move_around/install/autonomous_exploration/lib/python3.8/site-packages/autonomous_exploration
[11.715s] copying /home/ant/gazebo tutorials/home/11_move_around/build/autonomous_exploration/build/lib/autonomous_exploration/control.py -> /home/ant/gazebo tutorials/home/11_move_around/install/autonomous_exploration/lib/python3.8/site-packages/autonomous_exploration
[11.715s] copying /home/ant/gazebo tutorials/home/11_move_around/build/autonomous_exploration/build/lib/autonomous_exploration/__init__.py -> /home/ant/gazebo tutorials/home/11_move_around/install/autonomous_exploration/lib/python3.8/site-packages/autonomous_exploration
[11.723s] byte-compiling /home/ant/gazebo tutorials/home/11_move_around/install/autonomous_exploration/lib/python3.8/site-packages/autonomous_exploration/control.py to control.cpython-38.pyc
[11.767s] byte-compiling /home/ant/gazebo tutorials/home/11_move_around/install/autonomous_exploration/lib/python3.8/site-packages/autonomous_exploration/__init__.py to __init__.cpython-38.pyc
[11.767s] running install_data
[11.781s] creating /home/ant/gazebo tutorials/home/11_move_around/install/autonomous_exploration/share/ament_index
[11.781s] creating /home/ant/gazebo tutorials/home/11_move_around/install/autonomous_exploration/share/ament_index/resource_index
[11.788s] creating /home/ant/gazebo tutorials/home/11_move_around/install/autonomous_exploration/share/ament_index/resource_index/packages
[11.788s] copying resource/autonomous_exploration -> /home/ant/gazebo tutorials/home/11_move_around/install/autonomous_exploration/share/ament_index/resource_index/packages
[11.788s] copying package.xml -> /home/ant/gazebo tutorials/home/11_move_around/install/autonomous_exploration/share/autonomous_exploration
[11.788s] running install_egg_info
[11.800s] Copying ../../build/autonomous_exploration/autonomous_exploration.egg-info to /home/ant/gazebo tutorials/home/11_move_around/install/autonomous_exploration/lib/python3.8/site-packages/autonomous_exploration-0.0.0-py3.8.egg-info
[11.816s] running install_scripts
[11.980s] Installing control script to /home/ant/gazebo tutorials/home/11_move_around/install/autonomous_exploration/lib/autonomous_exploration
[11.981s] writing list of installed files to '/home/ant/gazebo tutorials/home/11_move_around/build/autonomous_exploration/install.log'
[12.152s] Invoked command in '/home/ant/gazebo tutorials/home/11_move_around/src/autonomous_exploration' returned '0': PYTHONPATH=/home/ant/gazebo tutorials/home/11_move_around/build/autonomous_exploration/prefix_override:/home/ant/gazebo tutorials/home/11_move_around/install/autonomous_exploration/lib/python3.8/site-packages:${PYTHONPATH} /usr/bin/python3 setup.py egg_info --egg-base ../../build/autonomous_exploration build --build-base /home/ant/gazebo tutorials/home/11_move_around/build/autonomous_exploration/build install --record /home/ant/gazebo tutorials/home/11_move_around/build/autonomous_exploration/install.log --single-version-externally-managed
