[9.796s] Invoking command in '/home/ant/gazebo tutorials/home/11_move_around/src/spawn_entity': PYTHONPATH=/home/ant/gazebo tutorials/home/11_move_around/build/spawn_entity/prefix_override:/home/ant/gazebo tutorials/home/11_move_around/install/spawn_entity/lib/python3.8/site-packages:${PYTHONPATH} /usr/bin/python3 setup.py egg_info --egg-base ../../build/spawn_entity build --build-base /home/ant/gazebo tutorials/home/11_move_around/build/spawn_entity/build install --record /home/ant/gazebo tutorials/home/11_move_around/build/spawn_entity/install.log --install-scripts $base/lib/spawn_entity --single-version-externally-managed
[11.363s] running egg_info
[11.370s] writing ../../build/spawn_entity/spawn_entity.egg-info/PKG-INFO
[11.374s] writing dependency_links to ../../build/spawn_entity/spawn_entity.egg-info/dependency_links.txt
[11.387s] writing entry points to ../../build/spawn_entity/spawn_entity.egg-info/entry_points.txt
[11.389s] writing requirements to ../../build/spawn_entity/spawn_entity.egg-info/requires.txt
[11.392s] writing top-level names to ../../build/spawn_entity/spawn_entity.egg-info/top_level.txt
[11.592s] reading manifest file '../../build/spawn_entity/spawn_entity.egg-info/SOURCES.txt'
[11.595s] writing manifest file '../../build/spawn_entity/spawn_entity.egg-info/SOURCES.txt'
[11.598s] running build
[11.600s] running build_py
[11.602s] running install
[11.605s] running install_lib
[11.608s] running install_data
[11.611s] running install_egg_info
[11.630s] removing '/home/ant/gazebo tutorials/home/11_move_around/install/spawn_entity/lib/python3.8/site-packages/spawn_entity-0.0.0-py3.8.egg-info' (and everything under it)
[11.659s] Copying ../../build/spawn_entity/spawn_entity.egg-info to /home/ant/gazebo tutorials/home/11_move_around/install/spawn_entity/lib/python3.8/site-packages/spawn_entity-0.0.0-py3.8.egg-info
[11.665s] running install_scripts
[11.791s] writing list of installed files to '/home/ant/gazebo tutorials/home/11_move_around/build/spawn_entity/install.log'
[12.931s] Invoked command in '/home/ant/gazebo tutorials/home/11_move_around/src/spawn_entity' returned '0': PYTHONPATH=/home/ant/gazebo tutorials/home/11_move_around/build/spawn_entity/prefix_override:/home/ant/gazebo tutorials/home/11_move_around/install/spawn_entity/lib/python3.8/site-packages:${PYTHONPATH} /usr/bin/python3 setup.py egg_info --egg-base ../../build/spawn_entity build --build-base /home/ant/gazebo tutorials/home/11_move_around/build/spawn_entity/build install --record /home/ant/gazebo tutorials/home/11_move_around/build/spawn_entity/install.log --install-scripts $base/lib/spawn_entity --single-version-externally-managed
