[1.782s] Invoking command in '/home/ant/gazebo tutorials/home/11_move_around/src/spawn_entity': PYTHONPATH=/home/ant/gazebo tutorials/home/11_move_around/build/spawn_entity/prefix_override:/home/ant/gazebo tutorials/home/11_move_around/install/spawn_entity/lib/python3.8/site-packages:${PYTHONPATH} /usr/bin/python3 setup.py egg_info --egg-base ../../build/spawn_entity build --build-base /home/ant/gazebo tutorials/home/11_move_around/build/spawn_entity/build install --record /home/ant/gazebo tutorials/home/11_move_around/build/spawn_entity/install.log --install-scripts $base/lib/spawn_entity --single-version-externally-managed
[2.057s] running egg_info
[2.058s] writing ../../build/spawn_entity/spawn_entity.egg-info/PKG-INFO
[2.059s] writing dependency_links to ../../build/spawn_entity/spawn_entity.egg-info/dependency_links.txt
[2.060s] writing entry points to ../../build/spawn_entity/spawn_entity.egg-info/entry_points.txt
[2.060s] writing requirements to ../../build/spawn_entity/spawn_entity.egg-info/requires.txt
[2.061s] writing top-level names to ../../build/spawn_entity/spawn_entity.egg-info/top_level.txt
[2.098s] reading manifest file '../../build/spawn_entity/spawn_entity.egg-info/SOURCES.txt'
[2.099s] writing manifest file '../../build/spawn_entity/spawn_entity.egg-info/SOURCES.txt'
[2.100s] running build
[2.100s] running build_py
[2.100s] running install
[2.102s] running install_lib
[2.105s] running install_data
[2.105s] running install_egg_info
[2.108s] removing '/home/ant/gazebo tutorials/home/11_move_around/install/spawn_entity/lib/python3.8/site-packages/spawn_entity-0.0.0-py3.8.egg-info' (and everything under it)
[2.119s] Copying ../../build/spawn_entity/spawn_entity.egg-info to /home/ant/gazebo tutorials/home/11_move_around/install/spawn_entity/lib/python3.8/site-packages/spawn_entity-0.0.0-py3.8.egg-info
[2.120s] running install_scripts
[2.142s] writing list of installed files to '/home/ant/gazebo tutorials/home/11_move_around/build/spawn_entity/install.log'
[2.179s] Invoked command in '/home/ant/gazebo tutorials/home/11_move_around/src/spawn_entity' returned '0': PYTHONPATH=/home/ant/gazebo tutorials/home/11_move_around/build/spawn_entity/prefix_override:/home/ant/gazebo tutorials/home/11_move_around/install/spawn_entity/lib/python3.8/site-packages:${PYTHONPATH} /usr/bin/python3 setup.py egg_info --egg-base ../../build/spawn_entity build --build-base /home/ant/gazebo tutorials/home/11_move_around/build/spawn_entity/build install --record /home/ant/gazebo tutorials/home/11_move_around/build/spawn_entity/install.log --install-scripts $base/lib/spawn_entity --single-version-externally-managed
