[2.479s] Invoking command in '/home/ant/gazebo tutorials/home/11_move_around/src/spawn_entity': PYTHONPATH=/home/ant/gazebo tutorials/home/11_move_around/build/spawn_entity/prefix_override:/home/ant/gazebo tutorials/home/11_move_around/install/spawn_entity/lib/python3.8/site-packages:${PYTHONPATH} /usr/bin/python3 setup.py egg_info --egg-base ../../build/spawn_entity build --build-base /home/ant/gazebo tutorials/home/11_move_around/build/spawn_entity/build install --record /home/ant/gazebo tutorials/home/11_move_around/build/spawn_entity/install.log --install-scripts $base/lib/spawn_entity --single-version-externally-managed
[2.825s] running egg_info
[2.826s] writing ../../build/spawn_entity/spawn_entity.egg-info/PKG-INFO
[2.827s] writing dependency_links to ../../build/spawn_entity/spawn_entity.egg-info/dependency_links.txt
[2.828s] writing entry points to ../../build/spawn_entity/spawn_entity.egg-info/entry_points.txt
[2.828s] writing requirements to ../../build/spawn_entity/spawn_entity.egg-info/requires.txt
[2.829s] writing top-level names to ../../build/spawn_entity/spawn_entity.egg-info/top_level.txt
[2.873s] reading manifest file '../../build/spawn_entity/spawn_entity.egg-info/SOURCES.txt'
[2.875s] writing manifest file '../../build/spawn_entity/spawn_entity.egg-info/SOURCES.txt'
[2.875s] running build
[2.876s] running build_py
[2.876s] running install
[2.877s] running install_lib
[2.888s] running install_data
[2.889s] running install_egg_info
[2.889s] removing '/home/ant/gazebo tutorials/home/11_move_around/install/spawn_entity/lib/python3.8/site-packages/spawn_entity-0.0.0-py3.8.egg-info' (and everything under it)
[2.889s] Copying ../../build/spawn_entity/spawn_entity.egg-info to /home/ant/gazebo tutorials/home/11_move_around/install/spawn_entity/lib/python3.8/site-packages/spawn_entity-0.0.0-py3.8.egg-info
[2.889s] running install_scripts
[2.934s] writing list of installed files to '/home/ant/gazebo tutorials/home/11_move_around/build/spawn_entity/install.log'
[3.355s] Invoked command in '/home/ant/gazebo tutorials/home/11_move_around/src/spawn_entity' returned '0': PYTHONPATH=/home/ant/gazebo tutorials/home/11_move_around/build/spawn_entity/prefix_override:/home/ant/gazebo tutorials/home/11_move_around/install/spawn_entity/lib/python3.8/site-packages:${PYTHONPATH} /usr/bin/python3 setup.py egg_info --egg-base ../../build/spawn_entity build --build-base /home/ant/gazebo tutorials/home/11_move_around/build/spawn_entity/build install --record /home/ant/gazebo tutorials/home/11_move_around/build/spawn_entity/install.log --install-scripts $base/lib/spawn_entity --single-version-externally-managed
