[13.692s] DEBUG:colcon:Command line arguments: ['/usr/bin/colcon', 'build']
[13.692s] DEBUG:colcon:Parsed command line arguments: Namespace(allow_overriding=[], ament_cmake_args=None, base_paths=['.'], build_base='build', catkin_cmake_args=None, catkin_skip_building_tests=False, cmake_args=None, cmake_clean_cache=False, cmake_clean_first=False, cmake_force_configure=False, cmake_target=None, cmake_target_skip_unavailable=False, continue_on_error=False, event_handlers=None, executor='parallel', ignore_user_meta=False, install_base='install', log_base=None, log_level=None, main=<bound method BuildVerb.main of <colcon_core.verb.build.BuildVerb object at 0x7fe3dc9793d0>>, merge_install=False, metas=['./colcon.meta'], packages_above=None, packages_above_and_dependencies=None, packages_above_depth=None, packages_end=None, packages_ignore=None, packages_ignore_regex=None, packages_select=None, packages_select_build_failed=False, packages_select_by_dep=None, packages_select_regex=None, packages_select_test_failures=False, packages_skip=None, packages_skip_build_finished=False, packages_skip_by_dep=None, packages_skip_regex=None, packages_skip_test_passed=False, packages_skip_up_to=None, packages_start=None, packages_up_to=None, packages_up_to_regex=None, parallel_workers=2, paths=None, symlink_install=False, test_result_base=None, verb_extension=<colcon_core.verb.build.BuildVerb object at 0x7fe3dc9793d0>, verb_name='build', verb_parser=<colcon_defaults.argument_parser.defaults.DefaultArgumentsDecorator object at 0x7fe3dc655e20>)
[14.292s] Level 1:colcon.colcon_core.package_discovery:discover_packages(colcon_meta) check parameters
[14.292s] Level 1:colcon.colcon_core.package_discovery:discover_packages(recursive) check parameters
[14.292s] Level 1:colcon.colcon_core.package_discovery:discover_packages(ignore) check parameters
[14.292s] Level 1:colcon.colcon_core.package_discovery:discover_packages(path) check parameters
[14.292s] Level 1:colcon.colcon_core.package_discovery:discover_packages(colcon_meta) discover
[14.292s] Level 1:colcon.colcon_core.package_discovery:discover_packages(recursive) discover
[14.292s] INFO:colcon.colcon_core.package_discovery:Crawling recursively for packages in '/home/ant/gazebo tutorials/home/11_move_around'
[14.293s] Level 1:colcon.colcon_core.package_identification:_identify(.) by extensions ['ignore', 'ignore_ament_install']
[14.293s] Level 1:colcon.colcon_core.package_identification:_identify(.) by extension 'ignore'
[14.293s] Level 1:colcon.colcon_core.package_identification:_identify(.) by extension 'ignore_ament_install'
[14.293s] Level 1:colcon.colcon_core.package_identification:_identify(.) by extensions ['colcon_pkg']
[14.293s] Level 1:colcon.colcon_core.package_identification:_identify(.) by extension 'colcon_pkg'
[14.293s] Level 1:colcon.colcon_core.package_identification:_identify(.) by extensions ['colcon_meta']
[14.293s] Level 1:colcon.colcon_core.package_identification:_identify(.) by extension 'colcon_meta'
[14.293s] Level 1:colcon.colcon_core.package_identification:_identify(.) by extensions ['ros']
[14.293s] Level 1:colcon.colcon_core.package_identification:_identify(.) by extension 'ros'
[14.328s] Level 1:colcon.colcon_core.package_identification:_identify(.) by extensions ['cmake', 'python']
[14.329s] Level 1:colcon.colcon_core.package_identification:_identify(.) by extension 'cmake'
[14.333s] Level 1:colcon.colcon_core.package_identification:_identify(.) by extension 'python'
[14.333s] Level 1:colcon.colcon_core.package_identification:_identify(.) by extensions ['python_setup_py']
[14.334s] Level 1:colcon.colcon_core.package_identification:_identify(.) by extension 'python_setup_py'
[14.335s] Level 1:colcon.colcon_core.package_identification:_identify(build) by extensions ['ignore', 'ignore_ament_install']
[14.336s] Level 1:colcon.colcon_core.package_identification:_identify(build) by extension 'ignore'
[14.336s] Level 1:colcon.colcon_core.package_identification:_identify(build) ignored
[14.336s] Level 1:colcon.colcon_core.package_identification:_identify(install) by extensions ['ignore', 'ignore_ament_install']
[14.337s] Level 1:colcon.colcon_core.package_identification:_identify(install) by extension 'ignore'
[14.337s] Level 1:colcon.colcon_core.package_identification:_identify(install) ignored
[14.337s] Level 1:colcon.colcon_core.package_identification:_identify(log) by extensions ['ignore', 'ignore_ament_install']
[14.338s] Level 1:colcon.colcon_core.package_identification:_identify(log) by extension 'ignore'
[14.338s] Level 1:colcon.colcon_core.package_identification:_identify(log) ignored
[14.338s] Level 1:colcon.colcon_core.package_identification:_identify(src) by extensions ['ignore', 'ignore_ament_install']
[14.339s] Level 1:colcon.colcon_core.package_identification:_identify(src) by extension 'ignore'
[14.339s] Level 1:colcon.colcon_core.package_identification:_identify(src) by extension 'ignore_ament_install'
[14.339s] Level 1:colcon.colcon_core.package_identification:_identify(src) by extensions ['colcon_pkg']
[14.339s] Level 1:colcon.colcon_core.package_identification:_identify(src) by extension 'colcon_pkg'
[14.339s] Level 1:colcon.colcon_core.package_identification:_identify(src) by extensions ['colcon_meta']
[14.340s] Level 1:colcon.colcon_core.package_identification:_identify(src) by extension 'colcon_meta'
[14.340s] Level 1:colcon.colcon_core.package_identification:_identify(src) by extensions ['ros']
[14.340s] Level 1:colcon.colcon_core.package_identification:_identify(src) by extension 'ros'
[14.340s] Level 1:colcon.colcon_core.package_identification:_identify(src) by extensions ['cmake', 'python']
[14.340s] Level 1:colcon.colcon_core.package_identification:_identify(src) by extension 'cmake'
[14.340s] Level 1:colcon.colcon_core.package_identification:_identify(src) by extension 'python'
[14.341s] Level 1:colcon.colcon_core.package_identification:_identify(src) by extensions ['python_setup_py']
[14.341s] Level 1:colcon.colcon_core.package_identification:_identify(src) by extension 'python_setup_py'
[14.341s] Level 1:colcon.colcon_core.package_identification:_identify(src/autonomous_exploration) by extensions ['ignore', 'ignore_ament_install']
[14.342s] Level 1:colcon.colcon_core.package_identification:_identify(src/autonomous_exploration) by extension 'ignore'
[14.342s] Level 1:colcon.colcon_core.package_identification:_identify(src/autonomous_exploration) by extension 'ignore_ament_install'
[14.343s] Level 1:colcon.colcon_core.package_identification:_identify(src/autonomous_exploration) by extensions ['colcon_pkg']
[14.343s] Level 1:colcon.colcon_core.package_identification:_identify(src/autonomous_exploration) by extension 'colcon_pkg'
[14.344s] Level 1:colcon.colcon_core.package_identification:_identify(src/autonomous_exploration) by extensions ['colcon_meta']
[14.344s] Level 1:colcon.colcon_core.package_identification:_identify(src/autonomous_exploration) by extension 'colcon_meta'
[14.344s] Level 1:colcon.colcon_core.package_identification:_identify(src/autonomous_exploration) by extensions ['ros']
[14.345s] Level 1:colcon.colcon_core.package_identification:_identify(src/autonomous_exploration) by extension 'ros'
[14.357s] DEBUG:colcon.colcon_core.package_identification:Package 'src/autonomous_exploration' with type 'ros.ament_python' and name 'autonomous_exploration'
[14.357s] Level 1:colcon.colcon_core.package_identification:_identify(src/spawn_entity) by extensions ['ignore', 'ignore_ament_install']
[14.358s] Level 1:colcon.colcon_core.package_identification:_identify(src/spawn_entity) by extension 'ignore'
[14.359s] Level 1:colcon.colcon_core.package_identification:_identify(src/spawn_entity) by extension 'ignore_ament_install'
[14.361s] Level 1:colcon.colcon_core.package_identification:_identify(src/spawn_entity) by extensions ['colcon_pkg']
[14.364s] Level 1:colcon.colcon_core.package_identification:_identify(src/spawn_entity) by extension 'colcon_pkg'
[14.365s] Level 1:colcon.colcon_core.package_identification:_identify(src/spawn_entity) by extensions ['colcon_meta']
[14.365s] Level 1:colcon.colcon_core.package_identification:_identify(src/spawn_entity) by extension 'colcon_meta'
[14.365s] Level 1:colcon.colcon_core.package_identification:_identify(src/spawn_entity) by extensions ['ros']
[14.365s] Level 1:colcon.colcon_core.package_identification:_identify(src/spawn_entity) by extension 'ros'
[14.367s] DEBUG:colcon.colcon_core.package_identification:Package 'src/spawn_entity' with type 'ros.ament_python' and name 'spawn_entity'
[14.368s] Level 1:colcon.colcon_core.package_discovery:discover_packages(recursive) using defaults
[14.368s] Level 1:colcon.colcon_core.package_discovery:discover_packages(ignore) discover
[14.368s] Level 1:colcon.colcon_core.package_discovery:discover_packages(ignore) using defaults
[14.368s] Level 1:colcon.colcon_core.package_discovery:discover_packages(path) discover
[14.375s] Level 1:colcon.colcon_core.package_discovery:discover_packages(path) using defaults
[16.075s] Level 1:colcon.colcon_core.package_discovery:discover_packages(prefix_path) check parameters
[16.082s] Level 1:colcon.colcon_core.package_discovery:discover_packages(prefix_path) discover
[16.546s] DEBUG:colcon.colcon_installed_package_information.package_discovery:Found 372 installed packages in /opt/ros/foxy
[16.551s] Level 1:colcon.colcon_core.package_discovery:discover_packages(prefix_path) using defaults
[17.288s] Level 5:colcon.colcon_core.verb:set package 'autonomous_exploration' build argument 'cmake_args' from command line to 'None'
[17.288s] Level 5:colcon.colcon_core.verb:set package 'autonomous_exploration' build argument 'cmake_target' from command line to 'None'
[17.289s] Level 5:colcon.colcon_core.verb:set package 'autonomous_exploration' build argument 'cmake_target_skip_unavailable' from command line to 'False'
[17.289s] Level 5:colcon.colcon_core.verb:set package 'autonomous_exploration' build argument 'cmake_clean_cache' from command line to 'False'
[17.289s] Level 5:colcon.colcon_core.verb:set package 'autonomous_exploration' build argument 'cmake_clean_first' from command line to 'False'
[17.289s] Level 5:colcon.colcon_core.verb:set package 'autonomous_exploration' build argument 'cmake_force_configure' from command line to 'False'
[17.289s] Level 5:colcon.colcon_core.verb:set package 'autonomous_exploration' build argument 'ament_cmake_args' from command line to 'None'
[17.289s] Level 5:colcon.colcon_core.verb:set package 'autonomous_exploration' build argument 'catkin_cmake_args' from command line to 'None'
[17.290s] Level 5:colcon.colcon_core.verb:set package 'autonomous_exploration' build argument 'catkin_skip_building_tests' from command line to 'False'
[17.290s] DEBUG:colcon.colcon_core.verb:Building package 'autonomous_exploration' with the following arguments: {'ament_cmake_args': None, 'build_base': '/home/ant/gazebo tutorials/home/11_move_around/build/autonomous_exploration', 'catkin_cmake_args': None, 'catkin_skip_building_tests': False, 'cmake_args': None, 'cmake_clean_cache': False, 'cmake_clean_first': False, 'cmake_force_configure': False, 'cmake_target': None, 'cmake_target_skip_unavailable': False, 'install_base': '/home/ant/gazebo tutorials/home/11_move_around/install/autonomous_exploration', 'merge_install': False, 'path': '/home/ant/gazebo tutorials/home/11_move_around/src/autonomous_exploration', 'symlink_install': False, 'test_result_base': None}
[17.573s] Level 5:colcon.colcon_core.verb:set package 'spawn_entity' build argument 'cmake_args' from command line to 'None'
[17.574s] Level 5:colcon.colcon_core.verb:set package 'spawn_entity' build argument 'cmake_target' from command line to 'None'
[17.574s] Level 5:colcon.colcon_core.verb:set package 'spawn_entity' build argument 'cmake_target_skip_unavailable' from command line to 'False'
[17.574s] Level 5:colcon.colcon_core.verb:set package 'spawn_entity' build argument 'cmake_clean_cache' from command line to 'False'
[17.574s] Level 5:colcon.colcon_core.verb:set package 'spawn_entity' build argument 'cmake_clean_first' from command line to 'False'
[17.574s] Level 5:colcon.colcon_core.verb:set package 'spawn_entity' build argument 'cmake_force_configure' from command line to 'False'
[17.574s] Level 5:colcon.colcon_core.verb:set package 'spawn_entity' build argument 'ament_cmake_args' from command line to 'None'
[17.574s] Level 5:colcon.colcon_core.verb:set package 'spawn_entity' build argument 'catkin_cmake_args' from command line to 'None'
[17.575s] Level 5:colcon.colcon_core.verb:set package 'spawn_entity' build argument 'catkin_skip_building_tests' from command line to 'False'
[17.575s] DEBUG:colcon.colcon_core.verb:Building package 'spawn_entity' with the following arguments: {'ament_cmake_args': None, 'build_base': '/home/ant/gazebo tutorials/home/11_move_around/build/spawn_entity', 'catkin_cmake_args': None, 'catkin_skip_building_tests': False, 'cmake_args': None, 'cmake_clean_cache': False, 'cmake_clean_first': False, 'cmake_force_configure': False, 'cmake_target': None, 'cmake_target_skip_unavailable': False, 'install_base': '/home/ant/gazebo tutorials/home/11_move_around/install/spawn_entity', 'merge_install': False, 'path': '/home/ant/gazebo tutorials/home/11_move_around/src/spawn_entity', 'symlink_install': False, 'test_result_base': None}
[17.760s] INFO:colcon.colcon_core.executor:Executing jobs using 'parallel' executor
[17.983s] DEBUG:colcon.colcon_parallel_executor.executor.parallel:run_until_complete
[17.983s] INFO:colcon.colcon_ros.task.ament_python.build:Building ROS package in '/home/ant/gazebo tutorials/home/11_move_around/src/autonomous_exploration' with build type 'ament_python'
[17.984s] Level 1:colcon.colcon_core.shell:create_environment_hook('autonomous_exploration', 'ament_prefix_path')
[18.215s] INFO:colcon.colcon_core.plugin_system:Skipping extension 'colcon_core.shell.bat': Not used on non-Windows systems
[18.215s] INFO:colcon.colcon_core.shell:Creating environment hook '/home/ant/gazebo tutorials/home/11_move_around/install/autonomous_exploration/share/autonomous_exploration/hook/ament_prefix_path.ps1'
[18.217s] INFO:colcon.colcon_core.shell:Creating environment descriptor '/home/ant/gazebo tutorials/home/11_move_around/install/autonomous_exploration/share/autonomous_exploration/hook/ament_prefix_path.dsv'
[18.217s] INFO:colcon.colcon_core.shell:Creating environment hook '/home/ant/gazebo tutorials/home/11_move_around/install/autonomous_exploration/share/autonomous_exploration/hook/ament_prefix_path.sh'
[18.546s] INFO:colcon.colcon_core.shell:Skip shell extension 'powershell' for command environment: Not usable outside of PowerShell
[18.546s] DEBUG:colcon.colcon_core.shell:Skip shell extension 'dsv' for command environment
[19.371s] INFO:colcon.colcon_ros.task.ament_python.build:Building ROS package in '/home/ant/gazebo tutorials/home/11_move_around/src/spawn_entity' with build type 'ament_python'
[19.377s] Level 1:colcon.colcon_core.shell:create_environment_hook('spawn_entity', 'ament_prefix_path')
[19.777s] INFO:colcon.colcon_core.shell:Creating environment hook '/home/ant/gazebo tutorials/home/11_move_around/install/spawn_entity/share/spawn_entity/hook/ament_prefix_path.ps1'
[19.782s] INFO:colcon.colcon_core.shell:Creating environment descriptor '/home/ant/gazebo tutorials/home/11_move_around/install/spawn_entity/share/spawn_entity/hook/ament_prefix_path.dsv'
[19.785s] INFO:colcon.colcon_core.shell:Creating environment hook '/home/ant/gazebo tutorials/home/11_move_around/install/spawn_entity/share/spawn_entity/hook/ament_prefix_path.sh'
[20.197s] INFO:colcon.colcon_core.shell:Skip shell extension 'powershell' for command environment: Not usable outside of PowerShell
[20.197s] DEBUG:colcon.colcon_core.shell:Skip shell extension 'dsv' for command environment
[21.749s] INFO:colcon.colcon_core.task.python.build:Building Python package in '/home/ant/gazebo tutorials/home/11_move_around/src/autonomous_exploration'
[22.043s] INFO:colcon.colcon_core.shell:Skip shell extension 'powershell' for command environment: Not usable outside of PowerShell
[22.044s] DEBUG:colcon.colcon_core.shell:Skip shell extension 'dsv' for command environment
[23.609s] INFO:colcon.colcon_core.task.python.build:Building Python package in '/home/ant/gazebo tutorials/home/11_move_around/src/spawn_entity'
[23.976s] INFO:colcon.colcon_core.shell:Skip shell extension 'powershell' for command environment: Not usable outside of PowerShell
[23.976s] DEBUG:colcon.colcon_core.shell:Skip shell extension 'dsv' for command environment
[27.958s] DEBUG:colcon.colcon_core.event_handler.log_command:Invoking command in '/home/ant/gazebo tutorials/home/11_move_around/src/autonomous_exploration': PYTHONPATH=/home/ant/gazebo tutorials/home/11_move_around/build/autonomous_exploration/prefix_override:/home/ant/gazebo tutorials/home/11_move_around/install/autonomous_exploration/lib/python3.8/site-packages:${PYTHONPATH} /usr/bin/python3 setup.py egg_info --egg-base ../../build/autonomous_exploration build --build-base /home/ant/gazebo tutorials/home/11_move_around/build/autonomous_exploration/build install --record /home/ant/gazebo tutorials/home/11_move_around/build/autonomous_exploration/install.log --single-version-externally-managed
[28.123s] DEBUG:colcon.colcon_core.event_handler.log_command:Invoking command in '/home/ant/gazebo tutorials/home/11_move_around/src/spawn_entity': PYTHONPATH=/home/ant/gazebo tutorials/home/11_move_around/build/spawn_entity/prefix_override:/home/ant/gazebo tutorials/home/11_move_around/install/spawn_entity/lib/python3.8/site-packages:${PYTHONPATH} /usr/bin/python3 setup.py egg_info --egg-base ../../build/spawn_entity build --build-base /home/ant/gazebo tutorials/home/11_move_around/build/spawn_entity/build install --record /home/ant/gazebo tutorials/home/11_move_around/build/spawn_entity/install.log --install-scripts $base/lib/spawn_entity --single-version-externally-managed
[30.149s] DEBUG:colcon.colcon_core.event_handler.log_command:Invoked command in '/home/ant/gazebo tutorials/home/11_move_around/src/autonomous_exploration' returned '0': PYTHONPATH=/home/ant/gazebo tutorials/home/11_move_around/build/autonomous_exploration/prefix_override:/home/ant/gazebo tutorials/home/11_move_around/install/autonomous_exploration/lib/python3.8/site-packages:${PYTHONPATH} /usr/bin/python3 setup.py egg_info --egg-base ../../build/autonomous_exploration build --build-base /home/ant/gazebo tutorials/home/11_move_around/build/autonomous_exploration/build install --record /home/ant/gazebo tutorials/home/11_move_around/build/autonomous_exploration/install.log --single-version-externally-managed
[30.534s] Level 1:colcon.colcon_core.environment:checking '/home/ant/gazebo tutorials/home/11_move_around/install/autonomous_exploration' for CMake module files
[30.535s] Level 1:colcon.colcon_core.environment:checking '/home/ant/gazebo tutorials/home/11_move_around/install/autonomous_exploration' for CMake config files
[30.536s] Level 1:colcon.colcon_core.environment:checking '/home/ant/gazebo tutorials/home/11_move_around/install/autonomous_exploration/lib'
[30.536s] Level 1:colcon.colcon_core.environment:checking '/home/ant/gazebo tutorials/home/11_move_around/install/autonomous_exploration/bin'
[30.536s] Level 1:colcon.colcon_core.environment:checking '/home/ant/gazebo tutorials/home/11_move_around/install/autonomous_exploration/lib/pkgconfig/autonomous_exploration.pc'
[30.537s] Level 1:colcon.colcon_core.environment:checking '/home/ant/gazebo tutorials/home/11_move_around/install/autonomous_exploration/lib/python3.8/site-packages'
[30.537s] Level 1:colcon.colcon_core.shell:create_environment_hook('autonomous_exploration', 'pythonpath')
[30.850s] INFO:colcon.colcon_core.shell:Creating environment hook '/home/ant/gazebo tutorials/home/11_move_around/install/autonomous_exploration/share/autonomous_exploration/hook/pythonpath.ps1'
[30.851s] INFO:colcon.colcon_core.shell:Creating environment descriptor '/home/ant/gazebo tutorials/home/11_move_around/install/autonomous_exploration/share/autonomous_exploration/hook/pythonpath.dsv'
[30.851s] INFO:colcon.colcon_core.shell:Creating environment hook '/home/ant/gazebo tutorials/home/11_move_around/install/autonomous_exploration/share/autonomous_exploration/hook/pythonpath.sh'
[30.855s] Level 1:colcon.colcon_core.environment:checking '/home/ant/gazebo tutorials/home/11_move_around/install/autonomous_exploration/bin'
[30.855s] Level 1:colcon.colcon_core.environment:create_environment_scripts_only(autonomous_exploration)
[31.165s] INFO:colcon.colcon_core.shell:Creating package script '/home/ant/gazebo tutorials/home/11_move_around/install/autonomous_exploration/share/autonomous_exploration/package.ps1'
[31.172s] INFO:colcon.colcon_core.shell:Creating package descriptor '/home/ant/gazebo tutorials/home/11_move_around/install/autonomous_exploration/share/autonomous_exploration/package.dsv'
[31.174s] INFO:colcon.colcon_core.shell:Creating package script '/home/ant/gazebo tutorials/home/11_move_around/install/autonomous_exploration/share/autonomous_exploration/package.sh'
[31.176s] INFO:colcon.colcon_core.shell:Creating package script '/home/ant/gazebo tutorials/home/11_move_around/install/autonomous_exploration/share/autonomous_exploration/package.bash'
[31.183s] INFO:colcon.colcon_core.shell:Creating package script '/home/ant/gazebo tutorials/home/11_move_around/install/autonomous_exploration/share/autonomous_exploration/package.zsh'
[31.185s] Level 1:colcon.colcon_core.environment:create_file_with_runtime_dependencies(/home/ant/gazebo tutorials/home/11_move_around/install/autonomous_exploration/share/colcon-core/packages/autonomous_exploration)
[31.203s] DEBUG:colcon.colcon_core.event_handler.log_command:Invoked command in '/home/ant/gazebo tutorials/home/11_move_around/src/spawn_entity' returned '0': PYTHONPATH=/home/ant/gazebo tutorials/home/11_move_around/build/spawn_entity/prefix_override:/home/ant/gazebo tutorials/home/11_move_around/install/spawn_entity/lib/python3.8/site-packages:${PYTHONPATH} /usr/bin/python3 setup.py egg_info --egg-base ../../build/spawn_entity build --build-base /home/ant/gazebo tutorials/home/11_move_around/build/spawn_entity/build install --record /home/ant/gazebo tutorials/home/11_move_around/build/spawn_entity/install.log --install-scripts $base/lib/spawn_entity --single-version-externally-managed
[31.533s] Level 1:colcon.colcon_core.environment:checking '/home/ant/gazebo tutorials/home/11_move_around/install/spawn_entity' for CMake module files
[31.534s] Level 1:colcon.colcon_core.environment:checking '/home/ant/gazebo tutorials/home/11_move_around/install/spawn_entity' for CMake config files
[31.539s] Level 1:colcon.colcon_core.environment:checking '/home/ant/gazebo tutorials/home/11_move_around/install/spawn_entity/lib'
[31.539s] Level 1:colcon.colcon_core.environment:checking '/home/ant/gazebo tutorials/home/11_move_around/install/spawn_entity/bin'
[31.539s] Level 1:colcon.colcon_core.environment:checking '/home/ant/gazebo tutorials/home/11_move_around/install/spawn_entity/lib/pkgconfig/spawn_entity.pc'
[31.539s] Level 1:colcon.colcon_core.environment:checking '/home/ant/gazebo tutorials/home/11_move_around/install/spawn_entity/lib/python3.8/site-packages'
[31.539s] Level 1:colcon.colcon_core.shell:create_environment_hook('spawn_entity', 'pythonpath')
[31.823s] INFO:colcon.colcon_core.shell:Creating environment hook '/home/ant/gazebo tutorials/home/11_move_around/install/spawn_entity/share/spawn_entity/hook/pythonpath.ps1'
[31.825s] INFO:colcon.colcon_core.shell:Creating environment descriptor '/home/ant/gazebo tutorials/home/11_move_around/install/spawn_entity/share/spawn_entity/hook/pythonpath.dsv'
[31.832s] INFO:colcon.colcon_core.shell:Creating environment hook '/home/ant/gazebo tutorials/home/11_move_around/install/spawn_entity/share/spawn_entity/hook/pythonpath.sh'
[31.837s] Level 1:colcon.colcon_core.environment:checking '/home/ant/gazebo tutorials/home/11_move_around/install/spawn_entity/bin'
[31.837s] Level 1:colcon.colcon_core.environment:create_environment_scripts_only(spawn_entity)
[32.165s] INFO:colcon.colcon_core.shell:Creating package script '/home/ant/gazebo tutorials/home/11_move_around/install/spawn_entity/share/spawn_entity/package.ps1'
[32.174s] INFO:colcon.colcon_core.shell:Creating package descriptor '/home/ant/gazebo tutorials/home/11_move_around/install/spawn_entity/share/spawn_entity/package.dsv'
[32.176s] INFO:colcon.colcon_core.shell:Creating package script '/home/ant/gazebo tutorials/home/11_move_around/install/spawn_entity/share/spawn_entity/package.sh'
[32.178s] INFO:colcon.colcon_core.shell:Creating package script '/home/ant/gazebo tutorials/home/11_move_around/install/spawn_entity/share/spawn_entity/package.bash'
[32.180s] INFO:colcon.colcon_core.shell:Creating package script '/home/ant/gazebo tutorials/home/11_move_around/install/spawn_entity/share/spawn_entity/package.zsh'
[32.181s] Level 1:colcon.colcon_core.environment:create_file_with_runtime_dependencies(/home/ant/gazebo tutorials/home/11_move_around/install/spawn_entity/share/colcon-core/packages/spawn_entity)
[32.182s] DEBUG:colcon.colcon_parallel_executor.executor.parallel:closing loop
[32.189s] DEBUG:colcon.colcon_parallel_executor.executor.parallel:loop closed
[32.189s] DEBUG:colcon.colcon_parallel_executor.executor.parallel:run_until_complete finished with '0'
[32.190s] DEBUG:colcon.colcon_core.event_reactor:joining thread
[32.608s] INFO:colcon.colcon_core.plugin_system:Skipping extension 'colcon_notification.desktop_notification.terminal_notifier': Not used on non-Darwin systems
[32.608s] INFO:colcon.colcon_core.plugin_system:Skipping extension 'colcon_notification.desktop_notification.win32': Not used on non-Windows systems
[32.608s] INFO:colcon.colcon_notification.desktop_notification:Sending desktop notification using 'notify2'
[32.680s] DEBUG:colcon.colcon_core.event_reactor:joined thread
[33.133s] INFO:colcon.colcon_core.shell:Creating prefix script '/home/ant/gazebo tutorials/home/11_move_around/install/local_setup.ps1'
[33.142s] INFO:colcon.colcon_core.shell:Creating prefix util module '/home/ant/gazebo tutorials/home/11_move_around/install/_local_setup_util_ps1.py'
[33.151s] INFO:colcon.colcon_core.shell:Creating prefix chain script '/home/ant/gazebo tutorials/home/11_move_around/install/setup.ps1'
[33.479s] INFO:colcon.colcon_core.shell:Creating prefix script '/home/ant/gazebo tutorials/home/11_move_around/install/local_setup.sh'
[33.481s] INFO:colcon.colcon_core.shell:Creating prefix util module '/home/ant/gazebo tutorials/home/11_move_around/install/_local_setup_util_sh.py'
[33.484s] INFO:colcon.colcon_core.shell:Creating prefix chain script '/home/ant/gazebo tutorials/home/11_move_around/install/setup.sh'
[33.755s] INFO:colcon.colcon_core.shell:Creating prefix script '/home/ant/gazebo tutorials/home/11_move_around/install/local_setup.bash'
[33.760s] INFO:colcon.colcon_core.shell:Creating prefix chain script '/home/ant/gazebo tutorials/home/11_move_around/install/setup.bash'
[34.011s] INFO:colcon.colcon_core.shell:Creating prefix script '/home/ant/gazebo tutorials/home/11_move_around/install/local_setup.zsh'
[34.012s] INFO:colcon.colcon_core.shell:Creating prefix chain script '/home/ant/gazebo tutorials/home/11_move_around/install/setup.zsh'
