[2.515s] Invoking command in '/home/ant/gazebo tutorials/home/11_move_around/src/spawn_entity': PYTHONPATH=/home/ant/gazebo tutorials/home/11_move_around/build/spawn_entity/prefix_override:/home/ant/gazebo tutorials/home/11_move_around/install/spawn_entity/lib/python3.8/site-packages:${PYTHONPATH} /usr/bin/python3 setup.py egg_info --egg-base ../../build/spawn_entity build --build-base /home/ant/gazebo tutorials/home/11_move_around/build/spawn_entity/build install --record /home/ant/gazebo tutorials/home/11_move_around/build/spawn_entity/install.log --install-scripts $base/lib/spawn_entity --single-version-externally-managed
[2.890s] running egg_info
[2.891s] writing ../../build/spawn_entity/spawn_entity.egg-info/PKG-INFO
[2.892s] writing dependency_links to ../../build/spawn_entity/spawn_entity.egg-info/dependency_links.txt
[2.893s] writing entry points to ../../build/spawn_entity/spawn_entity.egg-info/entry_points.txt
[2.894s] writing requirements to ../../build/spawn_entity/spawn_entity.egg-info/requires.txt
[2.897s] writing top-level names to ../../build/spawn_entity/spawn_entity.egg-info/top_level.txt
[2.964s] reading manifest file '../../build/spawn_entity/spawn_entity.egg-info/SOURCES.txt'
[2.966s] writing manifest file '../../build/spawn_entity/spawn_entity.egg-info/SOURCES.txt'
[2.968s] running build
[2.968s] running build_py
[2.969s] running install
[2.971s] running install_lib
[2.974s] running install_data
[2.976s] running install_egg_info
[2.982s] removing '/home/ant/gazebo tutorials/home/11_move_around/install/spawn_entity/lib/python3.8/site-packages/spawn_entity-0.0.0-py3.8.egg-info' (and everything under it)
[2.995s] Copying ../../build/spawn_entity/spawn_entity.egg-info to /home/ant/gazebo tutorials/home/11_move_around/install/spawn_entity/lib/python3.8/site-packages/spawn_entity-0.0.0-py3.8.egg-info
[3.002s] running install_scripts
[3.032s] writing list of installed files to '/home/ant/gazebo tutorials/home/11_move_around/build/spawn_entity/install.log'
[3.128s] Invoked command in '/home/ant/gazebo tutorials/home/11_move_around/src/spawn_entity' returned '0': PYTHONPATH=/home/ant/gazebo tutorials/home/11_move_around/build/spawn_entity/prefix_override:/home/ant/gazebo tutorials/home/11_move_around/install/spawn_entity/lib/python3.8/site-packages:${PYTHONPATH} /usr/bin/python3 setup.py egg_info --egg-base ../../build/spawn_entity build --build-base /home/ant/gazebo tutorials/home/11_move_around/build/spawn_entity/build install --record /home/ant/gazebo tutorials/home/11_move_around/build/spawn_entity/install.log --install-scripts $base/lib/spawn_entity --single-version-externally-managed
