[11.386s] Invoking command in '/home/ant/gazebo tutorials/home/11_move_around/src/autonomous_exploration': PYTHONPATH=/home/ant/gazebo tutorials/home/11_move_around/build/autonomous_exploration/prefix_override:/home/ant/gazebo tutorials/home/11_move_around/install/autonomous_exploration/lib/python3.8/site-packages:${PYTHONPATH} /usr/bin/python3 setup.py egg_info --egg-base ../../build/autonomous_exploration build --build-base /home/ant/gazebo tutorials/home/11_move_around/build/autonomous_exploration/build install --record /home/ant/gazebo tutorials/home/11_move_around/build/autonomous_exploration/install.log --single-version-externally-managed
[12.950s] running egg_info
[12.967s] writing ../../build/autonomous_exploration/autonomous_exploration.egg-info/PKG-INFO
[12.978s] writing dependency_links to ../../build/autonomous_exploration/autonomous_exploration.egg-info/dependency_links.txt
[12.985s] writing entry points to ../../build/autonomous_exploration/autonomous_exploration.egg-info/entry_points.txt
[12.990s] writing requirements to ../../build/autonomous_exploration/autonomous_exploration.egg-info/requires.txt
[12.995s] writing top-level names to ../../build/autonomous_exploration/autonomous_exploration.egg-info/top_level.txt
[13.263s] reading manifest file '../../build/autonomous_exploration/autonomous_exploration.egg-info/SOURCES.txt'
[13.269s] writing manifest file '../../build/autonomous_exploration/autonomous_exploration.egg-info/SOURCES.txt'
[13.283s] running build
[13.283s] running build_py
[13.285s] running install
[13.301s] running install_lib
[13.314s] running install_data
[13.315s] creating /home/ant/gazebo tutorials/home/11_move_around/install/autonomous_exploration/share/autonomous_exploration/launch
[13.333s] copying launch/start_exploration.launch.py -> /home/ant/gazebo tutorials/home/11_move_around/install/autonomous_exploration/share/autonomous_exploration/launch
[13.333s] running install_egg_info
[13.334s] removing '/home/ant/gazebo tutorials/home/11_move_around/install/autonomous_exploration/lib/python3.8/site-packages/autonomous_exploration-0.0.0-py3.8.egg-info' (and everything under it)
[13.346s] Copying ../../build/autonomous_exploration/autonomous_exploration.egg-info to /home/ant/gazebo tutorials/home/11_move_around/install/autonomous_exploration/lib/python3.8/site-packages/autonomous_exploration-0.0.0-py3.8.egg-info
[13.346s] running install_scripts
[13.492s] Installing control script to /home/ant/gazebo tutorials/home/11_move_around/install/autonomous_exploration/lib/autonomous_exploration
[13.492s] writing list of installed files to '/home/ant/gazebo tutorials/home/11_move_around/build/autonomous_exploration/install.log'
[13.800s] Invoked command in '/home/ant/gazebo tutorials/home/11_move_around/src/autonomous_exploration' returned '0': PYTHONPATH=/home/ant/gazebo tutorials/home/11_move_around/build/autonomous_exploration/prefix_override:/home/ant/gazebo tutorials/home/11_move_around/install/autonomous_exploration/lib/python3.8/site-packages:${PYTHONPATH} /usr/bin/python3 setup.py egg_info --egg-base ../../build/autonomous_exploration build --build-base /home/ant/gazebo tutorials/home/11_move_around/build/autonomous_exploration/build install --record /home/ant/gazebo tutorials/home/11_move_around/build/autonomous_exploration/install.log --single-version-externally-managed
