[11.318s] Invoking command in '/home/ant/gazebo tutorials/home/11_move_around/src/spawn_entity': PYTHONPATH=/home/ant/gazebo tutorials/home/11_move_around/build/spawn_entity/prefix_override:/home/ant/gazebo tutorials/home/11_move_around/install/spawn_entity/lib/python3.8/site-packages:${PYTHONPATH} /usr/bin/python3 setup.py egg_info --egg-base ../../build/spawn_entity build --build-base /home/ant/gazebo tutorials/home/11_move_around/build/spawn_entity/build install --record /home/ant/gazebo tutorials/home/11_move_around/build/spawn_entity/install.log --install-scripts $base/lib/spawn_entity --single-version-externally-managed
[12.994s] running egg_info
[13.004s] writing ../../build/spawn_entity/spawn_entity.egg-info/PKG-INFO
[13.016s] writing dependency_links to ../../build/spawn_entity/spawn_entity.egg-info/dependency_links.txt
[13.016s] writing entry points to ../../build/spawn_entity/spawn_entity.egg-info/entry_points.txt
[13.016s] writing requirements to ../../build/spawn_entity/spawn_entity.egg-info/requires.txt
[13.022s] writing top-level names to ../../build/spawn_entity/spawn_entity.egg-info/top_level.txt
[13.333s] reading manifest file '../../build/spawn_entity/spawn_entity.egg-info/SOURCES.txt'
[13.334s] writing manifest file '../../build/spawn_entity/spawn_entity.egg-info/SOURCES.txt'
[13.334s] running build
[13.334s] running build_py
[13.334s] running install
[13.334s] running install_lib
[13.342s] running install_data
[13.342s] running install_egg_info
[13.354s] removing '/home/ant/gazebo tutorials/home/11_move_around/install/spawn_entity/lib/python3.8/site-packages/spawn_entity-0.0.0-py3.8.egg-info' (and everything under it)
[13.366s] Copying ../../build/spawn_entity/spawn_entity.egg-info to /home/ant/gazebo tutorials/home/11_move_around/install/spawn_entity/lib/python3.8/site-packages/spawn_entity-0.0.0-py3.8.egg-info
[13.373s] running install_scripts
[13.588s] writing list of installed files to '/home/ant/gazebo tutorials/home/11_move_around/build/spawn_entity/install.log'
[14.106s] Invoked command in '/home/ant/gazebo tutorials/home/11_move_around/src/spawn_entity' returned '0': PYTHONPATH=/home/ant/gazebo tutorials/home/11_move_around/build/spawn_entity/prefix_override:/home/ant/gazebo tutorials/home/11_move_around/install/spawn_entity/lib/python3.8/site-packages:${PYTHONPATH} /usr/bin/python3 setup.py egg_info --egg-base ../../build/spawn_entity build --build-base /home/ant/gazebo tutorials/home/11_move_around/build/spawn_entity/build install --record /home/ant/gazebo tutorials/home/11_move_around/build/spawn_entity/install.log --install-scripts $base/lib/spawn_entity --single-version-externally-managed
