[2.705s] Invoking command in '/home/ant/gazebo tutorials/home/11_move_around/src/spawn_entity': PYTHONPATH=/home/ant/gazebo tutorials/home/11_move_around/build/spawn_entity/prefix_override:/home/ant/gazebo tutorials/home/11_move_around/install/spawn_entity/lib/python3.8/site-packages:${PYTHONPATH} /usr/bin/python3 setup.py egg_info --egg-base ../../build/spawn_entity build --build-base /home/ant/gazebo tutorials/home/11_move_around/build/spawn_entity/build install --record /home/ant/gazebo tutorials/home/11_move_around/build/spawn_entity/install.log --install-scripts $base/lib/spawn_entity --single-version-externally-managed
[3.069s] running egg_info
[3.072s] writing ../../build/spawn_entity/spawn_entity.egg-info/PKG-INFO
[3.073s] writing dependency_links to ../../build/spawn_entity/spawn_entity.egg-info/dependency_links.txt
[3.074s] writing entry points to ../../build/spawn_entity/spawn_entity.egg-info/entry_points.txt
[3.076s] writing requirements to ../../build/spawn_entity/spawn_entity.egg-info/requires.txt
[3.077s] writing top-level names to ../../build/spawn_entity/spawn_entity.egg-info/top_level.txt
[3.137s] reading manifest file '../../build/spawn_entity/spawn_entity.egg-info/SOURCES.txt'
[3.141s] writing manifest file '../../build/spawn_entity/spawn_entity.egg-info/SOURCES.txt'
[3.141s] running build
[3.142s] running build_py
[3.142s] running install
[3.143s] running install_lib
[3.145s] running install_data
[3.151s] running install_egg_info
[3.156s] removing '/home/ant/gazebo tutorials/home/11_move_around/install/spawn_entity/lib/python3.8/site-packages/spawn_entity-0.0.0-py3.8.egg-info' (and everything under it)
[3.156s] Copying ../../build/spawn_entity/spawn_entity.egg-info to /home/ant/gazebo tutorials/home/11_move_around/install/spawn_entity/lib/python3.8/site-packages/spawn_entity-0.0.0-py3.8.egg-info
[3.156s] running install_scripts
[3.183s] writing list of installed files to '/home/ant/gazebo tutorials/home/11_move_around/build/spawn_entity/install.log'
[3.513s] Invoked command in '/home/ant/gazebo tutorials/home/11_move_around/src/spawn_entity' returned '0': PYTHONPATH=/home/ant/gazebo tutorials/home/11_move_around/build/spawn_entity/prefix_override:/home/ant/gazebo tutorials/home/11_move_around/install/spawn_entity/lib/python3.8/site-packages:${PYTHONPATH} /usr/bin/python3 setup.py egg_info --egg-base ../../build/spawn_entity build --build-base /home/ant/gazebo tutorials/home/11_move_around/build/spawn_entity/build install --record /home/ant/gazebo tutorials/home/11_move_around/build/spawn_entity/install.log --install-scripts $base/lib/spawn_entity --single-version-externally-managed
