[2.553s] Invoking command in '/home/ant/gazebo tutorials/home/11_move_around/src/spawn_entity': PYTHONPATH=/home/ant/gazebo tutorials/home/11_move_around/build/spawn_entity/prefix_override:/home/ant/gazebo tutorials/home/11_move_around/install/spawn_entity/lib/python3.8/site-packages:${PYTHONPATH} /usr/bin/python3 setup.py egg_info --egg-base ../../build/spawn_entity build --build-base /home/ant/gazebo tutorials/home/11_move_around/build/spawn_entity/build install --record /home/ant/gazebo tutorials/home/11_move_around/build/spawn_entity/install.log --install-scripts $base/lib/spawn_entity --single-version-externally-managed
[2.859s] running egg_info
[2.862s] writing ../../build/spawn_entity/spawn_entity.egg-info/PKG-INFO
[2.864s] writing dependency_links to ../../build/spawn_entity/spawn_entity.egg-info/dependency_links.txt
[2.869s] writing entry points to ../../build/spawn_entity/spawn_entity.egg-info/entry_points.txt
[2.871s] writing requirements to ../../build/spawn_entity/spawn_entity.egg-info/requires.txt
[2.872s] writing top-level names to ../../build/spawn_entity/spawn_entity.egg-info/top_level.txt
[2.958s] reading manifest file '../../build/spawn_entity/spawn_entity.egg-info/SOURCES.txt'
[2.959s] writing manifest file '../../build/spawn_entity/spawn_entity.egg-info/SOURCES.txt'
[2.960s] running build
[2.960s] running build_py
[2.960s] running install
[2.962s] running install_lib
[2.968s] running install_data
[2.971s] running install_egg_info
[2.977s] removing '/home/ant/gazebo tutorials/home/11_move_around/install/spawn_entity/lib/python3.8/site-packages/spawn_entity-0.0.0-py3.8.egg-info' (and everything under it)
[2.980s] Copying ../../build/spawn_entity/spawn_entity.egg-info to /home/ant/gazebo tutorials/home/11_move_around/install/spawn_entity/lib/python3.8/site-packages/spawn_entity-0.0.0-py3.8.egg-info
[2.990s] running install_scripts
[3.021s] writing list of installed files to '/home/ant/gazebo tutorials/home/11_move_around/build/spawn_entity/install.log'
[3.405s] Invoked command in '/home/ant/gazebo tutorials/home/11_move_around/src/spawn_entity' returned '0': PYTHONPATH=/home/ant/gazebo tutorials/home/11_move_around/build/spawn_entity/prefix_override:/home/ant/gazebo tutorials/home/11_move_around/install/spawn_entity/lib/python3.8/site-packages:${PYTHONPATH} /usr/bin/python3 setup.py egg_info --egg-base ../../build/spawn_entity build --build-base /home/ant/gazebo tutorials/home/11_move_around/build/spawn_entity/build install --record /home/ant/gazebo tutorials/home/11_move_around/build/spawn_entity/install.log --install-scripts $base/lib/spawn_entity --single-version-externally-managed
