[2.954s] Invoking command in '/home/ant/gazebo tutorials/home/11_move_around/src/autonomous_exploration': PYTHONPATH=/home/ant/gazebo tutorials/home/11_move_around/build/autonomous_exploration/prefix_override:/home/ant/gazebo tutorials/home/11_move_around/install/autonomous_exploration/lib/python3.8/site-packages:${PYTHONPATH} /usr/bin/python3 setup.py egg_info --egg-base ../../build/autonomous_exploration build --build-base /home/ant/gazebo tutorials/home/11_move_around/build/autonomous_exploration/build install --record /home/ant/gazebo tutorials/home/11_move_around/build/autonomous_exploration/install.log --single-version-externally-managed
[3.242s] running egg_info
[3.245s] writing ../../build/autonomous_exploration/autonomous_exploration.egg-info/PKG-INFO
[3.247s] writing dependency_links to ../../build/autonomous_exploration/autonomous_exploration.egg-info/dependency_links.txt
[3.249s] writing entry points to ../../build/autonomous_exploration/autonomous_exploration.egg-info/entry_points.txt
[3.251s] writing requirements to ../../build/autonomous_exploration/autonomous_exploration.egg-info/requires.txt
[3.253s] writing top-level names to ../../build/autonomous_exploration/autonomous_exploration.egg-info/top_level.txt
[3.314s] reading manifest file '../../build/autonomous_exploration/autonomous_exploration.egg-info/SOURCES.txt'
[3.316s] writing manifest file '../../build/autonomous_exploration/autonomous_exploration.egg-info/SOURCES.txt'
[3.318s] running build
[3.318s] running build_py
[3.319s] copying autonomous_exploration/control.py -> /home/ant/gazebo tutorials/home/11_move_around/build/autonomous_exploration/build/lib/autonomous_exploration
[3.321s] running install
[3.323s] running install_lib
[3.325s] copying /home/ant/gazebo tutorials/home/11_move_around/build/autonomous_exploration/build/lib/autonomous_exploration/control.py -> /home/ant/gazebo tutorials/home/11_move_around/install/autonomous_exploration/lib/python3.8/site-packages/autonomous_exploration
[3.327s] byte-compiling /home/ant/gazebo tutorials/home/11_move_around/install/autonomous_exploration/lib/python3.8/site-packages/autonomous_exploration/control.py to control.cpython-38.pyc
[3.334s] running install_data
[3.335s] running install_egg_info
[3.337s] removing '/home/ant/gazebo tutorials/home/11_move_around/install/autonomous_exploration/lib/python3.8/site-packages/autonomous_exploration-0.0.0-py3.8.egg-info' (and everything under it)
[3.358s] Copying ../../build/autonomous_exploration/autonomous_exploration.egg-info to /home/ant/gazebo tutorials/home/11_move_around/install/autonomous_exploration/lib/python3.8/site-packages/autonomous_exploration-0.0.0-py3.8.egg-info
[3.358s] running install_scripts
[3.376s] Installing control script to /home/ant/gazebo tutorials/home/11_move_around/install/autonomous_exploration/lib/autonomous_exploration
[3.377s] writing list of installed files to '/home/ant/gazebo tutorials/home/11_move_around/build/autonomous_exploration/install.log'
[3.435s] Invoked command in '/home/ant/gazebo tutorials/home/11_move_around/src/autonomous_exploration' returned '0': PYTHONPATH=/home/ant/gazebo tutorials/home/11_move_around/build/autonomous_exploration/prefix_override:/home/ant/gazebo tutorials/home/11_move_around/install/autonomous_exploration/lib/python3.8/site-packages:${PYTHONPATH} /usr/bin/python3 setup.py egg_info --egg-base ../../build/autonomous_exploration build --build-base /home/ant/gazebo tutorials/home/11_move_around/build/autonomous_exploration/build install --record /home/ant/gazebo tutorials/home/11_move_around/build/autonomous_exploration/install.log --single-version-externally-managed
