[6.517s] DEBUG:colcon:Command line arguments: ['/usr/bin/colcon', 'build']
[6.517s] DEBUG:colcon:Parsed command line arguments: Namespace(allow_overriding=[], ament_cmake_args=None, base_paths=['.'], build_base='build', catkin_cmake_args=None, catkin_skip_building_tests=False, cmake_args=None, cmake_clean_cache=False, cmake_clean_first=False, cmake_force_configure=False, cmake_target=None, cmake_target_skip_unavailable=False, continue_on_error=False, event_handlers=None, executor='parallel', ignore_user_meta=False, install_base='install', log_base=None, log_level=None, main=<bound method BuildVerb.main of <colcon_core.verb.build.BuildVerb object at 0x7febc27fce20>>, merge_install=False, metas=['./colcon.meta'], packages_above=None, packages_above_and_dependencies=None, packages_above_depth=None, packages_end=None, packages_ignore=None, packages_ignore_regex=None, packages_select=None, packages_select_build_failed=False, packages_select_by_dep=None, packages_select_regex=None, packages_select_test_failures=False, packages_skip=None, packages_skip_build_finished=False, packages_skip_by_dep=None, packages_skip_regex=None, packages_skip_test_passed=False, packages_skip_up_to=None, packages_start=None, packages_up_to=None, packages_up_to_regex=None, parallel_workers=2, paths=None, symlink_install=False, test_result_base=None, verb_extension=<colcon_core.verb.build.BuildVerb object at 0x7febc27fce20>, verb_name='build', verb_parser=<colcon_defaults.argument_parser.defaults.DefaultArgumentsDecorator object at 0x7febc2482d90>)
[6.766s] Level 1:colcon.colcon_core.package_discovery:discover_packages(colcon_meta) check parameters
[6.767s] Level 1:colcon.colcon_core.package_discovery:discover_packages(recursive) check parameters
[6.767s] Level 1:colcon.colcon_core.package_discovery:discover_packages(ignore) check parameters
[6.767s] Level 1:colcon.colcon_core.package_discovery:discover_packages(path) check parameters
[6.767s] Level 1:colcon.colcon_core.package_discovery:discover_packages(colcon_meta) discover
[6.767s] Level 1:colcon.colcon_core.package_discovery:discover_packages(recursive) discover
[6.767s] INFO:colcon.colcon_core.package_discovery:Crawling recursively for packages in '/home/ant/gazebo tutorials/home/11_move_around'
[6.767s] Level 1:colcon.colcon_core.package_identification:_identify(.) by extensions ['ignore', 'ignore_ament_install']
[6.767s] Level 1:colcon.colcon_core.package_identification:_identify(.) by extension 'ignore'
[6.768s] Level 1:colcon.colcon_core.package_identification:_identify(.) by extension 'ignore_ament_install'
[6.768s] Level 1:colcon.colcon_core.package_identification:_identify(.) by extensions ['colcon_pkg']
[6.768s] Level 1:colcon.colcon_core.package_identification:_identify(.) by extension 'colcon_pkg'
[6.768s] Level 1:colcon.colcon_core.package_identification:_identify(.) by extensions ['colcon_meta']
[6.768s] Level 1:colcon.colcon_core.package_identification:_identify(.) by extension 'colcon_meta'
[6.768s] Level 1:colcon.colcon_core.package_identification:_identify(.) by extensions ['ros']
[6.768s] Level 1:colcon.colcon_core.package_identification:_identify(.) by extension 'ros'
[6.780s] Level 1:colcon.colcon_core.package_identification:_identify(.) by extensions ['cmake', 'python']
[6.780s] Level 1:colcon.colcon_core.package_identification:_identify(.) by extension 'cmake'
[6.781s] Level 1:colcon.colcon_core.package_identification:_identify(.) by extension 'python'
[6.781s] Level 1:colcon.colcon_core.package_identification:_identify(.) by extensions ['python_setup_py']
[6.781s] Level 1:colcon.colcon_core.package_identification:_identify(.) by extension 'python_setup_py'
[6.781s] Level 1:colcon.colcon_core.package_identification:_identify(build) by extensions ['ignore', 'ignore_ament_install']
[6.781s] Level 1:colcon.colcon_core.package_identification:_identify(build) by extension 'ignore'
[6.781s] Level 1:colcon.colcon_core.package_identification:_identify(build) ignored
[6.782s] Level 1:colcon.colcon_core.package_identification:_identify(install) by extensions ['ignore', 'ignore_ament_install']
[6.782s] Level 1:colcon.colcon_core.package_identification:_identify(install) by extension 'ignore'
[6.782s] Level 1:colcon.colcon_core.package_identification:_identify(install) ignored
[6.782s] Level 1:colcon.colcon_core.package_identification:_identify(log) by extensions ['ignore', 'ignore_ament_install']
[6.783s] Level 1:colcon.colcon_core.package_identification:_identify(log) by extension 'ignore'
[6.783s] Level 1:colcon.colcon_core.package_identification:_identify(log) ignored
[6.783s] Level 1:colcon.colcon_core.package_identification:_identify(maps) by extensions ['ignore', 'ignore_ament_install']
[6.783s] Level 1:colcon.colcon_core.package_identification:_identify(maps) by extension 'ignore'
[6.783s] Level 1:colcon.colcon_core.package_identification:_identify(maps) by extension 'ignore_ament_install'
[6.783s] Level 1:colcon.colcon_core.package_identification:_identify(maps) by extensions ['colcon_pkg']
[6.783s] Level 1:colcon.colcon_core.package_identification:_identify(maps) by extension 'colcon_pkg'
[6.783s] Level 1:colcon.colcon_core.package_identification:_identify(maps) by extensions ['colcon_meta']
[6.783s] Level 1:colcon.colcon_core.package_identification:_identify(maps) by extension 'colcon_meta'
[6.783s] Level 1:colcon.colcon_core.package_identification:_identify(maps) by extensions ['ros']
[6.783s] Level 1:colcon.colcon_core.package_identification:_identify(maps) by extension 'ros'
[6.784s] Level 1:colcon.colcon_core.package_identification:_identify(maps) by extensions ['cmake', 'python']
[6.784s] Level 1:colcon.colcon_core.package_identification:_identify(maps) by extension 'cmake'
[6.784s] Level 1:colcon.colcon_core.package_identification:_identify(maps) by extension 'python'
[6.784s] Level 1:colcon.colcon_core.package_identification:_identify(maps) by extensions ['python_setup_py']
[6.784s] Level 1:colcon.colcon_core.package_identification:_identify(maps) by extension 'python_setup_py'
[6.784s] Level 1:colcon.colcon_core.package_identification:_identify(src) by extensions ['ignore', 'ignore_ament_install']
[6.784s] Level 1:colcon.colcon_core.package_identification:_identify(src) by extension 'ignore'
[6.784s] Level 1:colcon.colcon_core.package_identification:_identify(src) by extension 'ignore_ament_install'
[6.784s] Level 1:colcon.colcon_core.package_identification:_identify(src) by extensions ['colcon_pkg']
[6.784s] Level 1:colcon.colcon_core.package_identification:_identify(src) by extension 'colcon_pkg'
[6.784s] Level 1:colcon.colcon_core.package_identification:_identify(src) by extensions ['colcon_meta']
[6.784s] Level 1:colcon.colcon_core.package_identification:_identify(src) by extension 'colcon_meta'
[6.784s] Level 1:colcon.colcon_core.package_identification:_identify(src) by extensions ['ros']
[6.784s] Level 1:colcon.colcon_core.package_identification:_identify(src) by extension 'ros'
[6.785s] Level 1:colcon.colcon_core.package_identification:_identify(src) by extensions ['cmake', 'python']
[6.785s] Level 1:colcon.colcon_core.package_identification:_identify(src) by extension 'cmake'
[6.785s] Level 1:colcon.colcon_core.package_identification:_identify(src) by extension 'python'
[6.785s] Level 1:colcon.colcon_core.package_identification:_identify(src) by extensions ['python_setup_py']
[6.785s] Level 1:colcon.colcon_core.package_identification:_identify(src) by extension 'python_setup_py'
[6.785s] Level 1:colcon.colcon_core.package_identification:_identify(src/autonomous_exploration) by extensions ['ignore', 'ignore_ament_install']
[6.785s] Level 1:colcon.colcon_core.package_identification:_identify(src/autonomous_exploration) by extension 'ignore'
[6.785s] Level 1:colcon.colcon_core.package_identification:_identify(src/autonomous_exploration) by extension 'ignore_ament_install'
[6.785s] Level 1:colcon.colcon_core.package_identification:_identify(src/autonomous_exploration) by extensions ['colcon_pkg']
[6.785s] Level 1:colcon.colcon_core.package_identification:_identify(src/autonomous_exploration) by extension 'colcon_pkg'
[6.785s] Level 1:colcon.colcon_core.package_identification:_identify(src/autonomous_exploration) by extensions ['colcon_meta']
[6.785s] Level 1:colcon.colcon_core.package_identification:_identify(src/autonomous_exploration) by extension 'colcon_meta'
[6.785s] Level 1:colcon.colcon_core.package_identification:_identify(src/autonomous_exploration) by extensions ['ros']
[6.785s] Level 1:colcon.colcon_core.package_identification:_identify(src/autonomous_exploration) by extension 'ros'
[6.788s] DEBUG:colcon.colcon_core.package_identification:Package 'src/autonomous_exploration' with type 'ros.ament_python' and name 'autonomous_exploration'
[6.789s] Level 1:colcon.colcon_core.package_identification:_identify(src/spawn_entity) by extensions ['ignore', 'ignore_ament_install']
[6.789s] Level 1:colcon.colcon_core.package_identification:_identify(src/spawn_entity) by extension 'ignore'
[6.789s] Level 1:colcon.colcon_core.package_identification:_identify(src/spawn_entity) by extension 'ignore_ament_install'
[6.789s] Level 1:colcon.colcon_core.package_identification:_identify(src/spawn_entity) by extensions ['colcon_pkg']
[6.789s] Level 1:colcon.colcon_core.package_identification:_identify(src/spawn_entity) by extension 'colcon_pkg'
[6.789s] Level 1:colcon.colcon_core.package_identification:_identify(src/spawn_entity) by extensions ['colcon_meta']
[6.789s] Level 1:colcon.colcon_core.package_identification:_identify(src/spawn_entity) by extension 'colcon_meta'
[6.789s] Level 1:colcon.colcon_core.package_identification:_identify(src/spawn_entity) by extensions ['ros']
[6.789s] Level 1:colcon.colcon_core.package_identification:_identify(src/spawn_entity) by extension 'ros'
[6.790s] DEBUG:colcon.colcon_core.package_identification:Package 'src/spawn_entity' with type 'ros.ament_python' and name 'spawn_entity'
[6.790s] Level 1:colcon.colcon_core.package_discovery:discover_packages(recursive) using defaults
[6.790s] Level 1:colcon.colcon_core.package_discovery:discover_packages(ignore) discover
[6.790s] Level 1:colcon.colcon_core.package_discovery:discover_packages(ignore) using defaults
[6.790s] Level 1:colcon.colcon_core.package_discovery:discover_packages(path) discover
[6.790s] Level 1:colcon.colcon_core.package_discovery:discover_packages(path) using defaults
[7.373s] Level 1:colcon.colcon_core.package_discovery:discover_packages(prefix_path) check parameters
[7.373s] Level 1:colcon.colcon_core.package_discovery:discover_packages(prefix_path) discover
[7.583s] DEBUG:colcon.colcon_installed_package_information.package_discovery:Found 2 installed packages in /home/ant/gazebo tutorials/home/11_move_around/install
[7.684s] DEBUG:colcon.colcon_installed_package_information.package_discovery:Found 372 installed packages in /opt/ros/foxy
[7.687s] Level 1:colcon.colcon_core.package_discovery:discover_packages(prefix_path) using defaults
[8.032s] Level 5:colcon.colcon_core.verb:set package 'autonomous_exploration' build argument 'cmake_args' from command line to 'None'
[8.032s] Level 5:colcon.colcon_core.verb:set package 'autonomous_exploration' build argument 'cmake_target' from command line to 'None'
[8.032s] Level 5:colcon.colcon_core.verb:set package 'autonomous_exploration' build argument 'cmake_target_skip_unavailable' from command line to 'False'
[8.032s] Level 5:colcon.colcon_core.verb:set package 'autonomous_exploration' build argument 'cmake_clean_cache' from command line to 'False'
[8.032s] Level 5:colcon.colcon_core.verb:set package 'autonomous_exploration' build argument 'cmake_clean_first' from command line to 'False'
[8.032s] Level 5:colcon.colcon_core.verb:set package 'autonomous_exploration' build argument 'cmake_force_configure' from command line to 'False'
[8.032s] Level 5:colcon.colcon_core.verb:set package 'autonomous_exploration' build argument 'ament_cmake_args' from command line to 'None'
[8.032s] Level 5:colcon.colcon_core.verb:set package 'autonomous_exploration' build argument 'catkin_cmake_args' from command line to 'None'
[8.032s] Level 5:colcon.colcon_core.verb:set package 'autonomous_exploration' build argument 'catkin_skip_building_tests' from command line to 'False'
[8.032s] DEBUG:colcon.colcon_core.verb:Building package 'autonomous_exploration' with the following arguments: {'ament_cmake_args': None, 'build_base': '/home/ant/gazebo tutorials/home/11_move_around/build/autonomous_exploration', 'catkin_cmake_args': None, 'catkin_skip_building_tests': False, 'cmake_args': None, 'cmake_clean_cache': False, 'cmake_clean_first': False, 'cmake_force_configure': False, 'cmake_target': None, 'cmake_target_skip_unavailable': False, 'install_base': '/home/ant/gazebo tutorials/home/11_move_around/install/autonomous_exploration', 'merge_install': False, 'path': '/home/ant/gazebo tutorials/home/11_move_around/src/autonomous_exploration', 'symlink_install': False, 'test_result_base': None}
[8.137s] Level 5:colcon.colcon_core.verb:set package 'spawn_entity' build argument 'cmake_args' from command line to 'None'
[8.137s] Level 5:colcon.colcon_core.verb:set package 'spawn_entity' build argument 'cmake_target' from command line to 'None'
[8.137s] Level 5:colcon.colcon_core.verb:set package 'spawn_entity' build argument 'cmake_target_skip_unavailable' from command line to 'False'
[8.137s] Level 5:colcon.colcon_core.verb:set package 'spawn_entity' build argument 'cmake_clean_cache' from command line to 'False'
[8.137s] Level 5:colcon.colcon_core.verb:set package 'spawn_entity' build argument 'cmake_clean_first' from command line to 'False'
[8.137s] Level 5:colcon.colcon_core.verb:set package 'spawn_entity' build argument 'cmake_force_configure' from command line to 'False'
[8.137s] Level 5:colcon.colcon_core.verb:set package 'spawn_entity' build argument 'ament_cmake_args' from command line to 'None'
[8.137s] Level 5:colcon.colcon_core.verb:set package 'spawn_entity' build argument 'catkin_cmake_args' from command line to 'None'
[8.137s] Level 5:colcon.colcon_core.verb:set package 'spawn_entity' build argument 'catkin_skip_building_tests' from command line to 'False'
[8.137s] DEBUG:colcon.colcon_core.verb:Building package 'spawn_entity' with the following arguments: {'ament_cmake_args': None, 'build_base': '/home/ant/gazebo tutorials/home/11_move_around/build/spawn_entity', 'catkin_cmake_args': None, 'catkin_skip_building_tests': False, 'cmake_args': None, 'cmake_clean_cache': False, 'cmake_clean_first': False, 'cmake_force_configure': False, 'cmake_target': None, 'cmake_target_skip_unavailable': False, 'install_base': '/home/ant/gazebo tutorials/home/11_move_around/install/spawn_entity', 'merge_install': False, 'path': '/home/ant/gazebo tutorials/home/11_move_around/src/spawn_entity', 'symlink_install': False, 'test_result_base': None}
[8.243s] INFO:colcon.colcon_core.executor:Executing jobs using 'parallel' executor
[8.345s] DEBUG:colcon.colcon_parallel_executor.executor.parallel:run_until_complete
[8.345s] INFO:colcon.colcon_ros.task.ament_python.build:Building ROS package in '/home/ant/gazebo tutorials/home/11_move_around/src/autonomous_exploration' with build type 'ament_python'
[8.346s] Level 1:colcon.colcon_core.shell:create_environment_hook('autonomous_exploration', 'ament_prefix_path')
[8.583s] INFO:colcon.colcon_core.plugin_system:Skipping extension 'colcon_core.shell.bat': Not used on non-Windows systems
[8.584s] INFO:colcon.colcon_core.shell:Creating environment hook '/home/ant/gazebo tutorials/home/11_move_around/install/autonomous_exploration/share/autonomous_exploration/hook/ament_prefix_path.ps1'
[8.586s] INFO:colcon.colcon_core.shell:Creating environment descriptor '/home/ant/gazebo tutorials/home/11_move_around/install/autonomous_exploration/share/autonomous_exploration/hook/ament_prefix_path.dsv'
[8.588s] INFO:colcon.colcon_core.shell:Creating environment hook '/home/ant/gazebo tutorials/home/11_move_around/install/autonomous_exploration/share/autonomous_exploration/hook/ament_prefix_path.sh'
[8.718s] INFO:colcon.colcon_core.shell:Skip shell extension 'powershell' for command environment: Not usable outside of PowerShell
[8.718s] DEBUG:colcon.colcon_core.shell:Skip shell extension 'dsv' for command environment
[9.091s] INFO:colcon.colcon_ros.task.ament_python.build:Building ROS package in '/home/ant/gazebo tutorials/home/11_move_around/src/spawn_entity' with build type 'ament_python'
[9.094s] Level 1:colcon.colcon_core.shell:create_environment_hook('spawn_entity', 'ament_prefix_path')
[9.363s] INFO:colcon.colcon_core.shell:Creating environment hook '/home/ant/gazebo tutorials/home/11_move_around/install/spawn_entity/share/spawn_entity/hook/ament_prefix_path.ps1'
[9.364s] INFO:colcon.colcon_core.shell:Creating environment descriptor '/home/ant/gazebo tutorials/home/11_move_around/install/spawn_entity/share/spawn_entity/hook/ament_prefix_path.dsv'
[9.365s] INFO:colcon.colcon_core.shell:Creating environment hook '/home/ant/gazebo tutorials/home/11_move_around/install/spawn_entity/share/spawn_entity/hook/ament_prefix_path.sh'
[9.561s] INFO:colcon.colcon_core.shell:Skip shell extension 'powershell' for command environment: Not usable outside of PowerShell
[9.561s] DEBUG:colcon.colcon_core.shell:Skip shell extension 'dsv' for command environment
[10.313s] INFO:colcon.colcon_core.task.python.build:Building Python package in '/home/ant/gazebo tutorials/home/11_move_around/src/autonomous_exploration'
[10.436s] INFO:colcon.colcon_core.shell:Skip shell extension 'powershell' for command environment: Not usable outside of PowerShell
[10.436s] DEBUG:colcon.colcon_core.shell:Skip shell extension 'dsv' for command environment
[11.193s] INFO:colcon.colcon_core.task.python.build:Building Python package in '/home/ant/gazebo tutorials/home/11_move_around/src/spawn_entity'
[11.326s] INFO:colcon.colcon_core.shell:Skip shell extension 'powershell' for command environment: Not usable outside of PowerShell
[11.326s] DEBUG:colcon.colcon_core.shell:Skip shell extension 'dsv' for command environment
[12.730s] DEBUG:colcon.colcon_core.event_handler.log_command:Invoking command in '/home/ant/gazebo tutorials/home/11_move_around/src/autonomous_exploration': PYTHONPATH=/home/ant/gazebo tutorials/home/11_move_around/build/autonomous_exploration/prefix_override:/home/ant/gazebo tutorials/home/11_move_around/install/autonomous_exploration/lib/python3.8/site-packages:${PYTHONPATH} /usr/bin/python3 setup.py egg_info --egg-base ../../build/autonomous_exploration build --build-base /home/ant/gazebo tutorials/home/11_move_around/build/autonomous_exploration/build install --record /home/ant/gazebo tutorials/home/11_move_around/build/autonomous_exploration/install.log --single-version-externally-managed
[12.794s] DEBUG:colcon.colcon_core.event_handler.log_command:Invoking command in '/home/ant/gazebo tutorials/home/11_move_around/src/spawn_entity': PYTHONPATH=/home/ant/gazebo tutorials/home/11_move_around/build/spawn_entity/prefix_override:/home/ant/gazebo tutorials/home/11_move_around/install/spawn_entity/lib/python3.8/site-packages:${PYTHONPATH} /usr/bin/python3 setup.py egg_info --egg-base ../../build/spawn_entity build --build-base /home/ant/gazebo tutorials/home/11_move_around/build/spawn_entity/build install --record /home/ant/gazebo tutorials/home/11_move_around/build/spawn_entity/install.log --install-scripts $base/lib/spawn_entity --single-version-externally-managed
[13.480s] DEBUG:colcon.colcon_core.event_handler.log_command:Invoked command in '/home/ant/gazebo tutorials/home/11_move_around/src/autonomous_exploration' returned '0': PYTHONPATH=/home/ant/gazebo tutorials/home/11_move_around/build/autonomous_exploration/prefix_override:/home/ant/gazebo tutorials/home/11_move_around/install/autonomous_exploration/lib/python3.8/site-packages:${PYTHONPATH} /usr/bin/python3 setup.py egg_info --egg-base ../../build/autonomous_exploration build --build-base /home/ant/gazebo tutorials/home/11_move_around/build/autonomous_exploration/build install --record /home/ant/gazebo tutorials/home/11_move_around/build/autonomous_exploration/install.log --single-version-externally-managed
[13.754s] Level 1:colcon.colcon_core.environment:checking '/home/ant/gazebo tutorials/home/11_move_around/install/autonomous_exploration' for CMake module files
[13.755s] Level 1:colcon.colcon_core.environment:checking '/home/ant/gazebo tutorials/home/11_move_around/install/autonomous_exploration' for CMake config files
[13.756s] Level 1:colcon.colcon_core.environment:checking '/home/ant/gazebo tutorials/home/11_move_around/install/autonomous_exploration/lib'
[13.756s] Level 1:colcon.colcon_core.environment:checking '/home/ant/gazebo tutorials/home/11_move_around/install/autonomous_exploration/bin'
[13.757s] Level 1:colcon.colcon_core.environment:checking '/home/ant/gazebo tutorials/home/11_move_around/install/autonomous_exploration/lib/pkgconfig/autonomous_exploration.pc'
[13.757s] Level 1:colcon.colcon_core.environment:checking '/home/ant/gazebo tutorials/home/11_move_around/install/autonomous_exploration/lib/python3.8/site-packages'
[13.757s] Level 1:colcon.colcon_core.shell:create_environment_hook('autonomous_exploration', 'pythonpath')
[13.890s] INFO:colcon.colcon_core.shell:Creating environment hook '/home/ant/gazebo tutorials/home/11_move_around/install/autonomous_exploration/share/autonomous_exploration/hook/pythonpath.ps1'
[13.892s] INFO:colcon.colcon_core.shell:Creating environment descriptor '/home/ant/gazebo tutorials/home/11_move_around/install/autonomous_exploration/share/autonomous_exploration/hook/pythonpath.dsv'
[13.893s] INFO:colcon.colcon_core.shell:Creating environment hook '/home/ant/gazebo tutorials/home/11_move_around/install/autonomous_exploration/share/autonomous_exploration/hook/pythonpath.sh'
[13.897s] Level 1:colcon.colcon_core.environment:checking '/home/ant/gazebo tutorials/home/11_move_around/install/autonomous_exploration/bin'
[13.898s] Level 1:colcon.colcon_core.environment:create_environment_scripts_only(autonomous_exploration)
[14.054s] INFO:colcon.colcon_core.shell:Creating package script '/home/ant/gazebo tutorials/home/11_move_around/install/autonomous_exploration/share/autonomous_exploration/package.ps1'
[14.056s] INFO:colcon.colcon_core.shell:Creating package descriptor '/home/ant/gazebo tutorials/home/11_move_around/install/autonomous_exploration/share/autonomous_exploration/package.dsv'
[14.057s] INFO:colcon.colcon_core.shell:Creating package script '/home/ant/gazebo tutorials/home/11_move_around/install/autonomous_exploration/share/autonomous_exploration/package.sh'
[14.058s] INFO:colcon.colcon_core.shell:Creating package script '/home/ant/gazebo tutorials/home/11_move_around/install/autonomous_exploration/share/autonomous_exploration/package.bash'
[14.060s] INFO:colcon.colcon_core.shell:Creating package script '/home/ant/gazebo tutorials/home/11_move_around/install/autonomous_exploration/share/autonomous_exploration/package.zsh'
[14.061s] Level 1:colcon.colcon_core.environment:create_file_with_runtime_dependencies(/home/ant/gazebo tutorials/home/11_move_around/install/autonomous_exploration/share/colcon-core/packages/autonomous_exploration)
[14.071s] DEBUG:colcon.colcon_core.event_handler.log_command:Invoked command in '/home/ant/gazebo tutorials/home/11_move_around/src/spawn_entity' returned '0': PYTHONPATH=/home/ant/gazebo tutorials/home/11_move_around/build/spawn_entity/prefix_override:/home/ant/gazebo tutorials/home/11_move_around/install/spawn_entity/lib/python3.8/site-packages:${PYTHONPATH} /usr/bin/python3 setup.py egg_info --egg-base ../../build/spawn_entity build --build-base /home/ant/gazebo tutorials/home/11_move_around/build/spawn_entity/build install --record /home/ant/gazebo tutorials/home/11_move_around/build/spawn_entity/install.log --install-scripts $base/lib/spawn_entity --single-version-externally-managed
[14.260s] Level 1:colcon.colcon_core.environment:checking '/home/ant/gazebo tutorials/home/11_move_around/install/spawn_entity' for CMake module files
[14.261s] Level 1:colcon.colcon_core.environment:checking '/home/ant/gazebo tutorials/home/11_move_around/install/spawn_entity' for CMake config files
[14.262s] Level 1:colcon.colcon_core.environment:checking '/home/ant/gazebo tutorials/home/11_move_around/install/spawn_entity/lib'
[14.262s] Level 1:colcon.colcon_core.environment:checking '/home/ant/gazebo tutorials/home/11_move_around/install/spawn_entity/bin'
[14.262s] Level 1:colcon.colcon_core.environment:checking '/home/ant/gazebo tutorials/home/11_move_around/install/spawn_entity/lib/pkgconfig/spawn_entity.pc'
[14.262s] Level 1:colcon.colcon_core.environment:checking '/home/ant/gazebo tutorials/home/11_move_around/install/spawn_entity/lib/python3.8/site-packages'
[14.262s] Level 1:colcon.colcon_core.shell:create_environment_hook('spawn_entity', 'pythonpath')
[14.410s] INFO:colcon.colcon_core.shell:Creating environment hook '/home/ant/gazebo tutorials/home/11_move_around/install/spawn_entity/share/spawn_entity/hook/pythonpath.ps1'
[14.412s] INFO:colcon.colcon_core.shell:Creating environment descriptor '/home/ant/gazebo tutorials/home/11_move_around/install/spawn_entity/share/spawn_entity/hook/pythonpath.dsv'
[14.414s] INFO:colcon.colcon_core.shell:Creating environment hook '/home/ant/gazebo tutorials/home/11_move_around/install/spawn_entity/share/spawn_entity/hook/pythonpath.sh'
[14.417s] Level 1:colcon.colcon_core.environment:checking '/home/ant/gazebo tutorials/home/11_move_around/install/spawn_entity/bin'
[14.417s] Level 1:colcon.colcon_core.environment:create_environment_scripts_only(spawn_entity)
[14.552s] INFO:colcon.colcon_core.shell:Creating package script '/home/ant/gazebo tutorials/home/11_move_around/install/spawn_entity/share/spawn_entity/package.ps1'
[14.554s] INFO:colcon.colcon_core.shell:Creating package descriptor '/home/ant/gazebo tutorials/home/11_move_around/install/spawn_entity/share/spawn_entity/package.dsv'
[14.555s] INFO:colcon.colcon_core.shell:Creating package script '/home/ant/gazebo tutorials/home/11_move_around/install/spawn_entity/share/spawn_entity/package.sh'
[14.557s] INFO:colcon.colcon_core.shell:Creating package script '/home/ant/gazebo tutorials/home/11_move_around/install/spawn_entity/share/spawn_entity/package.bash'
[14.559s] INFO:colcon.colcon_core.shell:Creating package script '/home/ant/gazebo tutorials/home/11_move_around/install/spawn_entity/share/spawn_entity/package.zsh'
[14.560s] Level 1:colcon.colcon_core.environment:create_file_with_runtime_dependencies(/home/ant/gazebo tutorials/home/11_move_around/install/spawn_entity/share/colcon-core/packages/spawn_entity)
[14.561s] DEBUG:colcon.colcon_parallel_executor.executor.parallel:closing loop
[14.561s] DEBUG:colcon.colcon_parallel_executor.executor.parallel:loop closed
[14.564s] DEBUG:colcon.colcon_parallel_executor.executor.parallel:run_until_complete finished with '0'
[14.564s] DEBUG:colcon.colcon_core.event_reactor:joining thread
[14.768s] INFO:colcon.colcon_core.plugin_system:Skipping extension 'colcon_notification.desktop_notification.terminal_notifier': Not used on non-Darwin systems
[14.768s] INFO:colcon.colcon_core.plugin_system:Skipping extension 'colcon_notification.desktop_notification.win32': Not used on non-Windows systems
[14.768s] INFO:colcon.colcon_notification.desktop_notification:Sending desktop notification using 'notify2'
[14.791s] DEBUG:colcon.colcon_core.event_reactor:joined thread
[14.915s] INFO:colcon.colcon_core.shell:Creating prefix script '/home/ant/gazebo tutorials/home/11_move_around/install/local_setup.ps1'
[14.917s] INFO:colcon.colcon_core.shell:Creating prefix util module '/home/ant/gazebo tutorials/home/11_move_around/install/_local_setup_util_ps1.py'
[14.918s] INFO:colcon.colcon_core.shell:Creating prefix chain script '/home/ant/gazebo tutorials/home/11_move_around/install/setup.ps1'
[15.047s] INFO:colcon.colcon_core.shell:Creating prefix script '/home/ant/gazebo tutorials/home/11_move_around/install/local_setup.sh'
[15.049s] INFO:colcon.colcon_core.shell:Creating prefix util module '/home/ant/gazebo tutorials/home/11_move_around/install/_local_setup_util_sh.py'
[15.050s] INFO:colcon.colcon_core.shell:Creating prefix chain script '/home/ant/gazebo tutorials/home/11_move_around/install/setup.sh'
[15.141s] INFO:colcon.colcon_core.shell:Creating prefix script '/home/ant/gazebo tutorials/home/11_move_around/install/local_setup.bash'
[15.142s] INFO:colcon.colcon_core.shell:Creating prefix chain script '/home/ant/gazebo tutorials/home/11_move_around/install/setup.bash'
[15.264s] INFO:colcon.colcon_core.shell:Creating prefix script '/home/ant/gazebo tutorials/home/11_move_around/install/local_setup.zsh'
[15.266s] INFO:colcon.colcon_core.shell:Creating prefix chain script '/home/ant/gazebo tutorials/home/11_move_around/install/setup.zsh'
