[7.845s] Invoking command in '/home/ant/gazebo tutorials/home/11_move_around/src/spawn_entity': PYTHONPATH=/home/ant/gazebo tutorials/home/11_move_around/build/spawn_entity/prefix_override:/home/ant/gazebo tutorials/home/11_move_around/install/spawn_entity/lib/python3.8/site-packages:${PYTHONPATH} /usr/bin/python3 setup.py egg_info --egg-base ../../build/spawn_entity build --build-base /home/ant/gazebo tutorials/home/11_move_around/build/spawn_entity/build install --record /home/ant/gazebo tutorials/home/11_move_around/build/spawn_entity/install.log --install-scripts $base/lib/spawn_entity --single-version-externally-managed
[9.502s] running egg_info
[9.517s] writing ../../build/spawn_entity/spawn_entity.egg-info/PKG-INFO
[9.536s] writing dependency_links to ../../build/spawn_entity/spawn_entity.egg-info/dependency_links.txt
[9.539s] writing entry points to ../../build/spawn_entity/spawn_entity.egg-info/entry_points.txt
[9.541s] writing requirements to ../../build/spawn_entity/spawn_entity.egg-info/requires.txt
[9.552s] writing top-level names to ../../build/spawn_entity/spawn_entity.egg-info/top_level.txt
[9.821s] reading manifest file '../../build/spawn_entity/spawn_entity.egg-info/SOURCES.txt'
[9.827s] writing manifest file '../../build/spawn_entity/spawn_entity.egg-info/SOURCES.txt'
[9.830s] running build
[9.830s] running build_py
[9.831s] running install
[9.851s] running install_lib
[9.859s] running install_data
[9.866s] running install_egg_info
[9.886s] removing '/home/ant/gazebo tutorials/home/11_move_around/install/spawn_entity/lib/python3.8/site-packages/spawn_entity-0.0.0-py3.8.egg-info' (and everything under it)
[9.899s] Copying ../../build/spawn_entity/spawn_entity.egg-info to /home/ant/gazebo tutorials/home/11_move_around/install/spawn_entity/lib/python3.8/site-packages/spawn_entity-0.0.0-py3.8.egg-info
[9.919s] running install_scripts
[10.043s] writing list of installed files to '/home/ant/gazebo tutorials/home/11_move_around/build/spawn_entity/install.log'
[11.347s] Invoked command in '/home/ant/gazebo tutorials/home/11_move_around/src/spawn_entity' returned '0': PYTHONPATH=/home/ant/gazebo tutorials/home/11_move_around/build/spawn_entity/prefix_override:/home/ant/gazebo tutorials/home/11_move_around/install/spawn_entity/lib/python3.8/site-packages:${PYTHONPATH} /usr/bin/python3 setup.py egg_info --egg-base ../../build/spawn_entity build --build-base /home/ant/gazebo tutorials/home/11_move_around/build/spawn_entity/build install --record /home/ant/gazebo tutorials/home/11_move_around/build/spawn_entity/install.log --install-scripts $base/lib/spawn_entity --single-version-externally-managed
