[1.528s] Invoking command in '/home/ant/gazebo tutorials/home/11_move_around/src/spawn_entity': PYTHONPATH=/home/ant/gazebo tutorials/home/11_move_around/build/spawn_entity/prefix_override:/home/ant/gazebo tutorials/home/11_move_around/install/spawn_entity/lib/python3.8/site-packages:${PYTHONPATH} /usr/bin/python3 setup.py egg_info --egg-base ../../build/spawn_entity build --build-base /home/ant/gazebo tutorials/home/11_move_around/build/spawn_entity/build install --record /home/ant/gazebo tutorials/home/11_move_around/build/spawn_entity/install.log --install-scripts $base/lib/spawn_entity --single-version-externally-managed
[1.766s] running egg_info
[1.767s] writing ../../build/spawn_entity/spawn_entity.egg-info/PKG-INFO
[1.769s] writing dependency_links to ../../build/spawn_entity/spawn_entity.egg-info/dependency_links.txt
[1.771s] writing entry points to ../../build/spawn_entity/spawn_entity.egg-info/entry_points.txt
[1.772s] writing requirements to ../../build/spawn_entity/spawn_entity.egg-info/requires.txt
[1.773s] writing top-level names to ../../build/spawn_entity/spawn_entity.egg-info/top_level.txt
[1.812s] reading manifest file '../../build/spawn_entity/spawn_entity.egg-info/SOURCES.txt'
[1.815s] writing manifest file '../../build/spawn_entity/spawn_entity.egg-info/SOURCES.txt'
[1.815s] running build
[1.815s] running build_py
[1.816s] copying spawn_entity/__init__.py -> /home/ant/gazebo tutorials/home/11_move_around/build/spawn_entity/build/lib/spawn_entity
[1.817s] running install
[1.818s] running install_lib
[1.821s] copying /home/ant/gazebo tutorials/home/11_move_around/build/spawn_entity/build/lib/spawn_entity/__init__.py -> /home/ant/gazebo tutorials/home/11_move_around/install/spawn_entity/lib/python3.8/site-packages/spawn_entity
[1.822s] byte-compiling /home/ant/gazebo tutorials/home/11_move_around/install/spawn_entity/lib/python3.8/site-packages/spawn_entity/__init__.py to __init__.cpython-38.pyc
[1.825s] running install_data
[1.827s] running install_egg_info
[1.829s] removing '/home/ant/gazebo tutorials/home/11_move_around/install/spawn_entity/lib/python3.8/site-packages/spawn_entity-0.0.0-py3.8.egg-info' (and everything under it)
[1.837s] Copying ../../build/spawn_entity/spawn_entity.egg-info to /home/ant/gazebo tutorials/home/11_move_around/install/spawn_entity/lib/python3.8/site-packages/spawn_entity-0.0.0-py3.8.egg-info
[1.840s] running install_scripts
[1.863s] writing list of installed files to '/home/ant/gazebo tutorials/home/11_move_around/build/spawn_entity/install.log'
[1.903s] Invoked command in '/home/ant/gazebo tutorials/home/11_move_around/src/spawn_entity' returned '0': PYTHONPATH=/home/ant/gazebo tutorials/home/11_move_around/build/spawn_entity/prefix_override:/home/ant/gazebo tutorials/home/11_move_around/install/spawn_entity/lib/python3.8/site-packages:${PYTHONPATH} /usr/bin/python3 setup.py egg_info --egg-base ../../build/spawn_entity build --build-base /home/ant/gazebo tutorials/home/11_move_around/build/spawn_entity/build install --record /home/ant/gazebo tutorials/home/11_move_around/build/spawn_entity/install.log --install-scripts $base/lib/spawn_entity --single-version-externally-managed
