[1.679s] Invoking command in '/home/ant/gazebo tutorials/home/11_move_around/src/spawn_entity': PYTHONPATH=/home/ant/gazebo tutorials/home/11_move_around/build/spawn_entity/prefix_override:/home/ant/gazebo tutorials/home/11_move_around/install/spawn_entity/lib/python3.8/site-packages:${PYTHONPATH} /usr/bin/python3 setup.py egg_info --egg-base ../../build/spawn_entity build --build-base /home/ant/gazebo tutorials/home/11_move_around/build/spawn_entity/build install --record /home/ant/gazebo tutorials/home/11_move_around/build/spawn_entity/install.log --install-scripts $base/lib/spawn_entity --single-version-externally-managed
[1.905s] running egg_info
[1.905s] writing ../../build/spawn_entity/spawn_entity.egg-info/PKG-INFO
[1.907s] writing dependency_links to ../../build/spawn_entity/spawn_entity.egg-info/dependency_links.txt
[1.907s] writing entry points to ../../build/spawn_entity/spawn_entity.egg-info/entry_points.txt
[1.908s] writing requirements to ../../build/spawn_entity/spawn_entity.egg-info/requires.txt
[1.911s] writing top-level names to ../../build/spawn_entity/spawn_entity.egg-info/top_level.txt
[1.946s] reading manifest file '../../build/spawn_entity/spawn_entity.egg-info/SOURCES.txt'
[1.948s] writing manifest file '../../build/spawn_entity/spawn_entity.egg-info/SOURCES.txt'
[1.948s] running build
[1.948s] running build_py
[1.949s] running install
[1.950s] running install_lib
[1.952s] running install_data
[1.952s] running install_egg_info
[1.955s] removing '/home/ant/gazebo tutorials/home/11_move_around/install/spawn_entity/lib/python3.8/site-packages/spawn_entity-0.0.0-py3.8.egg-info' (and everything under it)
[1.956s] Copying ../../build/spawn_entity/spawn_entity.egg-info to /home/ant/gazebo tutorials/home/11_move_around/install/spawn_entity/lib/python3.8/site-packages/spawn_entity-0.0.0-py3.8.egg-info
[1.957s] running install_scripts
[1.981s] writing list of installed files to '/home/ant/gazebo tutorials/home/11_move_around/build/spawn_entity/install.log'
[2.019s] Invoked command in '/home/ant/gazebo tutorials/home/11_move_around/src/spawn_entity' returned '0': PYTHONPATH=/home/ant/gazebo tutorials/home/11_move_around/build/spawn_entity/prefix_override:/home/ant/gazebo tutorials/home/11_move_around/install/spawn_entity/lib/python3.8/site-packages:${PYTHONPATH} /usr/bin/python3 setup.py egg_info --egg-base ../../build/spawn_entity build --build-base /home/ant/gazebo tutorials/home/11_move_around/build/spawn_entity/build install --record /home/ant/gazebo tutorials/home/11_move_around/build/spawn_entity/install.log --install-scripts $base/lib/spawn_entity --single-version-externally-managed
