[3.130s] Invoking command in '/home/ant/gazebo tutorials/home/11_move_around/src/autonomous_exploration': PYTHONPATH=/home/ant/gazebo tutorials/home/11_move_around/build/autonomous_exploration/prefix_override:/home/ant/gazebo tutorials/home/11_move_around/install/autonomous_exploration/lib/python3.8/site-packages:${PYTHONPATH} /usr/bin/python3 setup.py egg_info --egg-base ../../build/autonomous_exploration build --build-base /home/ant/gazebo tutorials/home/11_move_around/build/autonomous_exploration/build install --record /home/ant/gazebo tutorials/home/11_move_around/build/autonomous_exploration/install.log --single-version-externally-managed
[3.462s] running egg_info
[3.462s] writing ../../build/autonomous_exploration/autonomous_exploration.egg-info/PKG-INFO
[3.462s] writing dependency_links to ../../build/autonomous_exploration/autonomous_exploration.egg-info/dependency_links.txt
[3.462s] writing entry points to ../../build/autonomous_exploration/autonomous_exploration.egg-info/entry_points.txt
[3.462s] writing requirements to ../../build/autonomous_exploration/autonomous_exploration.egg-info/requires.txt
[3.462s] writing top-level names to ../../build/autonomous_exploration/autonomous_exploration.egg-info/top_level.txt
[3.516s] reading manifest file '../../build/autonomous_exploration/autonomous_exploration.egg-info/SOURCES.txt'
[3.519s] writing manifest file '../../build/autonomous_exploration/autonomous_exploration.egg-info/SOURCES.txt'
[3.520s] running build
[3.520s] running build_py
[3.522s] running install
[3.524s] running install_lib
[3.527s] running install_data
[3.528s] copying launch/start_exploration.launch.py -> /home/ant/gazebo tutorials/home/11_move_around/install/autonomous_exploration/share/autonomous_exploration/launch
[3.531s] running install_egg_info
[3.534s] removing '/home/ant/gazebo tutorials/home/11_move_around/install/autonomous_exploration/lib/python3.8/site-packages/autonomous_exploration-0.0.0-py3.8.egg-info' (and everything under it)
[3.550s] Copying ../../build/autonomous_exploration/autonomous_exploration.egg-info to /home/ant/gazebo tutorials/home/11_move_around/install/autonomous_exploration/lib/python3.8/site-packages/autonomous_exploration-0.0.0-py3.8.egg-info
[3.554s] running install_scripts
[3.589s] Installing control script to /home/ant/gazebo tutorials/home/11_move_around/install/autonomous_exploration/lib/autonomous_exploration
[3.595s] writing list of installed files to '/home/ant/gazebo tutorials/home/11_move_around/build/autonomous_exploration/install.log'
[3.647s] Invoked command in '/home/ant/gazebo tutorials/home/11_move_around/src/autonomous_exploration' returned '0': PYTHONPATH=/home/ant/gazebo tutorials/home/11_move_around/build/autonomous_exploration/prefix_override:/home/ant/gazebo tutorials/home/11_move_around/install/autonomous_exploration/lib/python3.8/site-packages:${PYTHONPATH} /usr/bin/python3 setup.py egg_info --egg-base ../../build/autonomous_exploration build --build-base /home/ant/gazebo tutorials/home/11_move_around/build/autonomous_exploration/build install --record /home/ant/gazebo tutorials/home/11_move_around/build/autonomous_exploration/install.log --single-version-externally-managed
