[14.564s] Invoking command in '/home/ant/gazebo tutorials/home/11_move_around/src/autonomous_exploration': PYTHONPATH=/home/ant/gazebo tutorials/home/11_move_around/build/autonomous_exploration/prefix_override:/home/ant/gazebo tutorials/home/11_move_around/install/autonomous_exploration/lib/python3.8/site-packages:${PYTHONPATH} /usr/bin/python3 setup.py egg_info --egg-base ../../build/autonomous_exploration build --build-base /home/ant/gazebo tutorials/home/11_move_around/build/autonomous_exploration/build install --record /home/ant/gazebo tutorials/home/11_move_around/build/autonomous_exploration/install.log --single-version-externally-managed
[16.901s] running egg_info
[16.930s] writing ../../build/autonomous_exploration/autonomous_exploration.egg-info/PKG-INFO
[16.931s] writing dependency_links to ../../build/autonomous_exploration/autonomous_exploration.egg-info/dependency_links.txt
[16.931s] writing entry points to ../../build/autonomous_exploration/autonomous_exploration.egg-info/entry_points.txt
[16.940s] writing requirements to ../../build/autonomous_exploration/autonomous_exploration.egg-info/requires.txt
[16.946s] writing top-level names to ../../build/autonomous_exploration/autonomous_exploration.egg-info/top_level.txt
[17.267s] reading manifest file '../../build/autonomous_exploration/autonomous_exploration.egg-info/SOURCES.txt'
[17.267s] writing manifest file '../../build/autonomous_exploration/autonomous_exploration.egg-info/SOURCES.txt'
[17.275s] running build
[17.275s] running build_py
[17.278s] running install
[17.278s] running install_lib
[17.291s] running install_data
[17.303s] running install_egg_info
[17.331s] removing '/home/ant/gazebo tutorials/home/11_move_around/install/autonomous_exploration/lib/python3.8/site-packages/autonomous_exploration-0.0.0-py3.8.egg-info' (and everything under it)
[17.348s] Copying ../../build/autonomous_exploration/autonomous_exploration.egg-info to /home/ant/gazebo tutorials/home/11_move_around/install/autonomous_exploration/lib/python3.8/site-packages/autonomous_exploration-0.0.0-py3.8.egg-info
[17.370s] running install_scripts
[17.531s] Installing control script to /home/ant/gazebo tutorials/home/11_move_around/install/autonomous_exploration/lib/autonomous_exploration
[17.533s] writing list of installed files to '/home/ant/gazebo tutorials/home/11_move_around/build/autonomous_exploration/install.log'
[18.993s] Invoked command in '/home/ant/gazebo tutorials/home/11_move_around/src/autonomous_exploration' returned '0': PYTHONPATH=/home/ant/gazebo tutorials/home/11_move_around/build/autonomous_exploration/prefix_override:/home/ant/gazebo tutorials/home/11_move_around/install/autonomous_exploration/lib/python3.8/site-packages:${PYTHONPATH} /usr/bin/python3 setup.py egg_info --egg-base ../../build/autonomous_exploration build --build-base /home/ant/gazebo tutorials/home/11_move_around/build/autonomous_exploration/build install --record /home/ant/gazebo tutorials/home/11_move_around/build/autonomous_exploration/install.log --single-version-externally-managed
