[7.248s] Invoking command in '/home/ant/gazebo tutorials/home/11_move_around/src/spawn_entity': PYTHONPATH=/home/ant/gazebo tutorials/home/11_move_around/build/spawn_entity/prefix_override:/home/ant/gazebo tutorials/home/11_move_around/install/spawn_entity/lib/python3.8/site-packages:${PYTHONPATH} /usr/bin/python3 setup.py egg_info --egg-base ../../build/spawn_entity build --build-base /home/ant/gazebo tutorials/home/11_move_around/build/spawn_entity/build install --record /home/ant/gazebo tutorials/home/11_move_around/build/spawn_entity/install.log --install-scripts $base/lib/spawn_entity --single-version-externally-managed
[8.921s] running egg_info
[8.921s] writing ../../build/spawn_entity/spawn_entity.egg-info/PKG-INFO
[8.929s] writing dependency_links to ../../build/spawn_entity/spawn_entity.egg-info/dependency_links.txt
[8.940s] writing entry points to ../../build/spawn_entity/spawn_entity.egg-info/entry_points.txt
[8.940s] writing requirements to ../../build/spawn_entity/spawn_entity.egg-info/requires.txt
[8.940s] writing top-level names to ../../build/spawn_entity/spawn_entity.egg-info/top_level.txt
[9.128s] reading manifest file '../../build/spawn_entity/spawn_entity.egg-info/SOURCES.txt'
[9.141s] writing manifest file '../../build/spawn_entity/spawn_entity.egg-info/SOURCES.txt'
[9.142s] running build
[9.142s] running build_py
[9.142s] running install
[9.146s] running install_lib
[9.166s] running install_data
[9.173s] running install_egg_info
[9.187s] removing '/home/ant/gazebo tutorials/home/11_move_around/install/spawn_entity/lib/python3.8/site-packages/spawn_entity-0.0.0-py3.8.egg-info' (and everything under it)
[9.189s] Copying ../../build/spawn_entity/spawn_entity.egg-info to /home/ant/gazebo tutorials/home/11_move_around/install/spawn_entity/lib/python3.8/site-packages/spawn_entity-0.0.0-py3.8.egg-info
[9.194s] running install_scripts
[9.349s] writing list of installed files to '/home/ant/gazebo tutorials/home/11_move_around/build/spawn_entity/install.log'
[9.712s] Invoked command in '/home/ant/gazebo tutorials/home/11_move_around/src/spawn_entity' returned '0': PYTHONPATH=/home/ant/gazebo tutorials/home/11_move_around/build/spawn_entity/prefix_override:/home/ant/gazebo tutorials/home/11_move_around/install/spawn_entity/lib/python3.8/site-packages:${PYTHONPATH} /usr/bin/python3 setup.py egg_info --egg-base ../../build/spawn_entity build --build-base /home/ant/gazebo tutorials/home/11_move_around/build/spawn_entity/build install --record /home/ant/gazebo tutorials/home/11_move_around/build/spawn_entity/install.log --install-scripts $base/lib/spawn_entity --single-version-externally-managed
