[3.804s] Invoking command in '/home/ant/gazebo tutorials/home/11_move_around/src/spawn_entity': PYTHONPATH=/home/ant/gazebo tutorials/home/11_move_around/build/spawn_entity/prefix_override:/home/ant/gazebo tutorials/home/11_move_around/install/spawn_entity/lib/python3.8/site-packages:${PYTHONPATH} /usr/bin/python3 setup.py egg_info --egg-base ../../build/spawn_entity build --build-base /home/ant/gazebo tutorials/home/11_move_around/build/spawn_entity/build install --record /home/ant/gazebo tutorials/home/11_move_around/build/spawn_entity/install.log --install-scripts $base/lib/spawn_entity --single-version-externally-managed
[4.143s] running egg_info
[4.145s] writing ../../build/spawn_entity/spawn_entity.egg-info/PKG-INFO
[4.148s] writing dependency_links to ../../build/spawn_entity/spawn_entity.egg-info/dependency_links.txt
[4.151s] writing entry points to ../../build/spawn_entity/spawn_entity.egg-info/entry_points.txt
[4.153s] writing requirements to ../../build/spawn_entity/spawn_entity.egg-info/requires.txt
[4.155s] writing top-level names to ../../build/spawn_entity/spawn_entity.egg-info/top_level.txt
[4.249s] reading manifest file '../../build/spawn_entity/spawn_entity.egg-info/SOURCES.txt'
[4.252s] writing manifest file '../../build/spawn_entity/spawn_entity.egg-info/SOURCES.txt'
[4.255s] running build
[4.255s] running build_py
[4.257s] running install
[4.262s] running install_lib
[4.267s] running install_data
[4.269s] running install_egg_info
[4.278s] removing '/home/ant/gazebo tutorials/home/11_move_around/install/spawn_entity/lib/python3.8/site-packages/spawn_entity-0.0.0-py3.8.egg-info' (and everything under it)
[4.302s] Copying ../../build/spawn_entity/spawn_entity.egg-info to /home/ant/gazebo tutorials/home/11_move_around/install/spawn_entity/lib/python3.8/site-packages/spawn_entity-0.0.0-py3.8.egg-info
[4.317s] running install_scripts
[4.359s] writing list of installed files to '/home/ant/gazebo tutorials/home/11_move_around/build/spawn_entity/install.log'
[4.874s] Invoked command in '/home/ant/gazebo tutorials/home/11_move_around/src/spawn_entity' returned '0': PYTHONPATH=/home/ant/gazebo tutorials/home/11_move_around/build/spawn_entity/prefix_override:/home/ant/gazebo tutorials/home/11_move_around/install/spawn_entity/lib/python3.8/site-packages:${PYTHONPATH} /usr/bin/python3 setup.py egg_info --egg-base ../../build/spawn_entity build --build-base /home/ant/gazebo tutorials/home/11_move_around/build/spawn_entity/build install --record /home/ant/gazebo tutorials/home/11_move_around/build/spawn_entity/install.log --install-scripts $base/lib/spawn_entity --single-version-externally-managed
