[16.389s] DEBUG:colcon:Command line arguments: ['/usr/bin/colcon', 'build']
[16.389s] DEBUG:colcon:Parsed command line arguments: Namespace(allow_overriding=[], ament_cmake_args=None, base_paths=['.'], build_base='build', catkin_cmake_args=None, catkin_skip_building_tests=False, cmake_args=None, cmake_clean_cache=False, cmake_clean_first=False, cmake_force_configure=False, cmake_target=None, cmake_target_skip_unavailable=False, continue_on_error=False, event_handlers=None, executor='parallel', ignore_user_meta=False, install_base='install', log_base=None, log_level=None, main=<bound method BuildVerb.main of <colcon_core.verb.build.BuildVerb object at 0x7f2496296dc0>>, merge_install=False, metas=['./colcon.meta'], packages_above=None, packages_above_and_dependencies=None, packages_above_depth=None, packages_end=None, packages_ignore=None, packages_ignore_regex=None, packages_select=None, packages_select_build_failed=False, packages_select_by_dep=None, packages_select_regex=None, packages_select_test_failures=False, packages_skip=None, packages_skip_build_finished=False, packages_skip_by_dep=None, packages_skip_regex=None, packages_skip_test_passed=False, packages_skip_up_to=None, packages_start=None, packages_up_to=None, packages_up_to_regex=None, parallel_workers=2, paths=None, symlink_install=False, test_result_base=None, verb_extension=<colcon_core.verb.build.BuildVerb object at 0x7f2496296dc0>, verb_name='build', verb_parser=<colcon_defaults.argument_parser.defaults.DefaultArgumentsDecorator object at 0x7f2495fa6d30>)
[17.450s] Level 1:colcon.colcon_core.package_discovery:discover_packages(colcon_meta) check parameters
[17.450s] Level 1:colcon.colcon_core.package_discovery:discover_packages(recursive) check parameters
[17.450s] Level 1:colcon.colcon_core.package_discovery:discover_packages(ignore) check parameters
[17.450s] Level 1:colcon.colcon_core.package_discovery:discover_packages(path) check parameters
[17.450s] Level 1:colcon.colcon_core.package_discovery:discover_packages(colcon_meta) discover
[17.450s] Level 1:colcon.colcon_core.package_discovery:discover_packages(recursive) discover
[17.450s] INFO:colcon.colcon_core.package_discovery:Crawling recursively for packages in '/home/ant/gazebo tutorials/home/11_move_around'
[17.450s] Level 1:colcon.colcon_core.package_identification:_identify(.) by extensions ['ignore', 'ignore_ament_install']
[17.451s] Level 1:colcon.colcon_core.package_identification:_identify(.) by extension 'ignore'
[17.451s] Level 1:colcon.colcon_core.package_identification:_identify(.) by extension 'ignore_ament_install'
[17.451s] Level 1:colcon.colcon_core.package_identification:_identify(.) by extensions ['colcon_pkg']
[17.451s] Level 1:colcon.colcon_core.package_identification:_identify(.) by extension 'colcon_pkg'
[17.451s] Level 1:colcon.colcon_core.package_identification:_identify(.) by extensions ['colcon_meta']
[17.452s] Level 1:colcon.colcon_core.package_identification:_identify(.) by extension 'colcon_meta'
[17.452s] Level 1:colcon.colcon_core.package_identification:_identify(.) by extensions ['ros']
[17.452s] Level 1:colcon.colcon_core.package_identification:_identify(.) by extension 'ros'
[17.549s] Level 1:colcon.colcon_core.package_identification:_identify(.) by extensions ['cmake', 'python']
[17.552s] Level 1:colcon.colcon_core.package_identification:_identify(.) by extension 'cmake'
[17.553s] Level 1:colcon.colcon_core.package_identification:_identify(.) by extension 'python'
[17.555s] Level 1:colcon.colcon_core.package_identification:_identify(.) by extensions ['python_setup_py']
[17.556s] Level 1:colcon.colcon_core.package_identification:_identify(.) by extension 'python_setup_py'
[17.557s] Level 1:colcon.colcon_core.package_identification:_identify(build) by extensions ['ignore', 'ignore_ament_install']
[17.558s] Level 1:colcon.colcon_core.package_identification:_identify(build) by extension 'ignore'
[17.558s] Level 1:colcon.colcon_core.package_identification:_identify(build) ignored
[17.559s] Level 1:colcon.colcon_core.package_identification:_identify(install) by extensions ['ignore', 'ignore_ament_install']
[17.559s] Level 1:colcon.colcon_core.package_identification:_identify(install) by extension 'ignore'
[17.559s] Level 1:colcon.colcon_core.package_identification:_identify(install) ignored
[17.560s] Level 1:colcon.colcon_core.package_identification:_identify(log) by extensions ['ignore', 'ignore_ament_install']
[17.564s] Level 1:colcon.colcon_core.package_identification:_identify(log) by extension 'ignore'
[17.564s] Level 1:colcon.colcon_core.package_identification:_identify(log) ignored
[17.565s] Level 1:colcon.colcon_core.package_identification:_identify(src) by extensions ['ignore', 'ignore_ament_install']
[17.565s] Level 1:colcon.colcon_core.package_identification:_identify(src) by extension 'ignore'
[17.566s] Level 1:colcon.colcon_core.package_identification:_identify(src) by extension 'ignore_ament_install'
[17.567s] Level 1:colcon.colcon_core.package_identification:_identify(src) by extensions ['colcon_pkg']
[17.567s] Level 1:colcon.colcon_core.package_identification:_identify(src) by extension 'colcon_pkg'
[17.567s] Level 1:colcon.colcon_core.package_identification:_identify(src) by extensions ['colcon_meta']
[17.568s] Level 1:colcon.colcon_core.package_identification:_identify(src) by extension 'colcon_meta'
[17.569s] Level 1:colcon.colcon_core.package_identification:_identify(src) by extensions ['ros']
[17.569s] Level 1:colcon.colcon_core.package_identification:_identify(src) by extension 'ros'
[17.570s] Level 1:colcon.colcon_core.package_identification:_identify(src) by extensions ['cmake', 'python']
[17.570s] Level 1:colcon.colcon_core.package_identification:_identify(src) by extension 'cmake'
[17.571s] Level 1:colcon.colcon_core.package_identification:_identify(src) by extension 'python'
[17.571s] Level 1:colcon.colcon_core.package_identification:_identify(src) by extensions ['python_setup_py']
[17.572s] Level 1:colcon.colcon_core.package_identification:_identify(src) by extension 'python_setup_py'
[17.573s] Level 1:colcon.colcon_core.package_identification:_identify(src/autonomous_exploration) by extensions ['ignore', 'ignore_ament_install']
[17.574s] Level 1:colcon.colcon_core.package_identification:_identify(src/autonomous_exploration) by extension 'ignore'
[17.574s] Level 1:colcon.colcon_core.package_identification:_identify(src/autonomous_exploration) by extension 'ignore_ament_install'
[17.575s] Level 1:colcon.colcon_core.package_identification:_identify(src/autonomous_exploration) by extensions ['colcon_pkg']
[17.575s] Level 1:colcon.colcon_core.package_identification:_identify(src/autonomous_exploration) by extension 'colcon_pkg'
[17.575s] Level 1:colcon.colcon_core.package_identification:_identify(src/autonomous_exploration) by extensions ['colcon_meta']
[17.575s] Level 1:colcon.colcon_core.package_identification:_identify(src/autonomous_exploration) by extension 'colcon_meta'
[17.575s] Level 1:colcon.colcon_core.package_identification:_identify(src/autonomous_exploration) by extensions ['ros']
[17.575s] Level 1:colcon.colcon_core.package_identification:_identify(src/autonomous_exploration) by extension 'ros'
[17.590s] DEBUG:colcon.colcon_core.package_identification:Package 'src/autonomous_exploration' with type 'ros.ament_python' and name 'autonomous_exploration'
[17.591s] Level 1:colcon.colcon_core.package_identification:_identify(src/spawn_entity) by extensions ['ignore', 'ignore_ament_install']
[17.592s] Level 1:colcon.colcon_core.package_identification:_identify(src/spawn_entity) by extension 'ignore'
[17.593s] Level 1:colcon.colcon_core.package_identification:_identify(src/spawn_entity) by extension 'ignore_ament_install'
[17.593s] Level 1:colcon.colcon_core.package_identification:_identify(src/spawn_entity) by extensions ['colcon_pkg']
[17.593s] Level 1:colcon.colcon_core.package_identification:_identify(src/spawn_entity) by extension 'colcon_pkg'
[17.593s] Level 1:colcon.colcon_core.package_identification:_identify(src/spawn_entity) by extensions ['colcon_meta']
[17.594s] Level 1:colcon.colcon_core.package_identification:_identify(src/spawn_entity) by extension 'colcon_meta'
[17.594s] Level 1:colcon.colcon_core.package_identification:_identify(src/spawn_entity) by extensions ['ros']
[17.594s] Level 1:colcon.colcon_core.package_identification:_identify(src/spawn_entity) by extension 'ros'
[17.598s] DEBUG:colcon.colcon_core.package_identification:Package 'src/spawn_entity' with type 'ros.ament_python' and name 'spawn_entity'
[17.598s] Level 1:colcon.colcon_core.package_discovery:discover_packages(recursive) using defaults
[17.599s] Level 1:colcon.colcon_core.package_discovery:discover_packages(ignore) discover
[17.599s] Level 1:colcon.colcon_core.package_discovery:discover_packages(ignore) using defaults
[17.599s] Level 1:colcon.colcon_core.package_discovery:discover_packages(path) discover
[17.600s] Level 1:colcon.colcon_core.package_discovery:discover_packages(path) using defaults
[19.628s] Level 1:colcon.colcon_core.package_discovery:discover_packages(prefix_path) check parameters
[19.629s] Level 1:colcon.colcon_core.package_discovery:discover_packages(prefix_path) discover
[20.411s] DEBUG:colcon.colcon_installed_package_information.package_discovery:Found 2 installed packages in /home/ant/gazebo tutorials/home/11_move_around/install
[20.753s] DEBUG:colcon.colcon_installed_package_information.package_discovery:Found 372 installed packages in /opt/ros/foxy
[20.762s] Level 1:colcon.colcon_core.package_discovery:discover_packages(prefix_path) using defaults
[22.067s] Level 5:colcon.colcon_core.verb:set package 'autonomous_exploration' build argument 'cmake_args' from command line to 'None'
[22.068s] Level 5:colcon.colcon_core.verb:set package 'autonomous_exploration' build argument 'cmake_target' from command line to 'None'
[22.068s] Level 5:colcon.colcon_core.verb:set package 'autonomous_exploration' build argument 'cmake_target_skip_unavailable' from command line to 'False'
[22.068s] Level 5:colcon.colcon_core.verb:set package 'autonomous_exploration' build argument 'cmake_clean_cache' from command line to 'False'
[22.069s] Level 5:colcon.colcon_core.verb:set package 'autonomous_exploration' build argument 'cmake_clean_first' from command line to 'False'
[22.069s] Level 5:colcon.colcon_core.verb:set package 'autonomous_exploration' build argument 'cmake_force_configure' from command line to 'False'
[22.069s] Level 5:colcon.colcon_core.verb:set package 'autonomous_exploration' build argument 'ament_cmake_args' from command line to 'None'
[22.069s] Level 5:colcon.colcon_core.verb:set package 'autonomous_exploration' build argument 'catkin_cmake_args' from command line to 'None'
[22.069s] Level 5:colcon.colcon_core.verb:set package 'autonomous_exploration' build argument 'catkin_skip_building_tests' from command line to 'False'
[22.069s] DEBUG:colcon.colcon_core.verb:Building package 'autonomous_exploration' with the following arguments: {'ament_cmake_args': None, 'build_base': '/home/ant/gazebo tutorials/home/11_move_around/build/autonomous_exploration', 'catkin_cmake_args': None, 'catkin_skip_building_tests': False, 'cmake_args': None, 'cmake_clean_cache': False, 'cmake_clean_first': False, 'cmake_force_configure': False, 'cmake_target': None, 'cmake_target_skip_unavailable': False, 'install_base': '/home/ant/gazebo tutorials/home/11_move_around/install/autonomous_exploration', 'merge_install': False, 'path': '/home/ant/gazebo tutorials/home/11_move_around/src/autonomous_exploration', 'symlink_install': False, 'test_result_base': None}
[22.395s] Level 5:colcon.colcon_core.verb:set package 'spawn_entity' build argument 'cmake_args' from command line to 'None'
[22.396s] Level 5:colcon.colcon_core.verb:set package 'spawn_entity' build argument 'cmake_target' from command line to 'None'
[22.396s] Level 5:colcon.colcon_core.verb:set package 'spawn_entity' build argument 'cmake_target_skip_unavailable' from command line to 'False'
[22.396s] Level 5:colcon.colcon_core.verb:set package 'spawn_entity' build argument 'cmake_clean_cache' from command line to 'False'
[22.398s] Level 5:colcon.colcon_core.verb:set package 'spawn_entity' build argument 'cmake_clean_first' from command line to 'False'
[22.398s] Level 5:colcon.colcon_core.verb:set package 'spawn_entity' build argument 'cmake_force_configure' from command line to 'False'
[22.398s] Level 5:colcon.colcon_core.verb:set package 'spawn_entity' build argument 'ament_cmake_args' from command line to 'None'
[22.398s] Level 5:colcon.colcon_core.verb:set package 'spawn_entity' build argument 'catkin_cmake_args' from command line to 'None'
[22.399s] Level 5:colcon.colcon_core.verb:set package 'spawn_entity' build argument 'catkin_skip_building_tests' from command line to 'False'
[22.399s] DEBUG:colcon.colcon_core.verb:Building package 'spawn_entity' with the following arguments: {'ament_cmake_args': None, 'build_base': '/home/ant/gazebo tutorials/home/11_move_around/build/spawn_entity', 'catkin_cmake_args': None, 'catkin_skip_building_tests': False, 'cmake_args': None, 'cmake_clean_cache': False, 'cmake_clean_first': False, 'cmake_force_configure': False, 'cmake_target': None, 'cmake_target_skip_unavailable': False, 'install_base': '/home/ant/gazebo tutorials/home/11_move_around/install/spawn_entity', 'merge_install': False, 'path': '/home/ant/gazebo tutorials/home/11_move_around/src/spawn_entity', 'symlink_install': False, 'test_result_base': None}
[22.689s] INFO:colcon.colcon_core.executor:Executing jobs using 'parallel' executor
[22.988s] DEBUG:colcon.colcon_parallel_executor.executor.parallel:run_until_complete
[22.989s] INFO:colcon.colcon_ros.task.ament_python.build:Building ROS package in '/home/ant/gazebo tutorials/home/11_move_around/src/autonomous_exploration' with build type 'ament_python'
[22.989s] Level 1:colcon.colcon_core.shell:create_environment_hook('autonomous_exploration', 'ament_prefix_path')
[23.341s] INFO:colcon.colcon_core.plugin_system:Skipping extension 'colcon_core.shell.bat': Not used on non-Windows systems
[23.341s] INFO:colcon.colcon_core.shell:Creating environment hook '/home/ant/gazebo tutorials/home/11_move_around/install/autonomous_exploration/share/autonomous_exploration/hook/ament_prefix_path.ps1'
[23.346s] INFO:colcon.colcon_core.shell:Creating environment descriptor '/home/ant/gazebo tutorials/home/11_move_around/install/autonomous_exploration/share/autonomous_exploration/hook/ament_prefix_path.dsv'
[23.349s] INFO:colcon.colcon_core.shell:Creating environment hook '/home/ant/gazebo tutorials/home/11_move_around/install/autonomous_exploration/share/autonomous_exploration/hook/ament_prefix_path.sh'
[23.650s] INFO:colcon.colcon_core.shell:Skip shell extension 'powershell' for command environment: Not usable outside of PowerShell
[23.650s] DEBUG:colcon.colcon_core.shell:Skip shell extension 'dsv' for command environment
[24.791s] INFO:colcon.colcon_ros.task.ament_python.build:Building ROS package in '/home/ant/gazebo tutorials/home/11_move_around/src/spawn_entity' with build type 'ament_python'
[24.792s] Level 1:colcon.colcon_core.shell:create_environment_hook('spawn_entity', 'ament_prefix_path')
[25.274s] INFO:colcon.colcon_core.shell:Creating environment hook '/home/ant/gazebo tutorials/home/11_move_around/install/spawn_entity/share/spawn_entity/hook/ament_prefix_path.ps1'
[25.285s] INFO:colcon.colcon_core.shell:Creating environment descriptor '/home/ant/gazebo tutorials/home/11_move_around/install/spawn_entity/share/spawn_entity/hook/ament_prefix_path.dsv'
[25.287s] INFO:colcon.colcon_core.shell:Creating environment hook '/home/ant/gazebo tutorials/home/11_move_around/install/spawn_entity/share/spawn_entity/hook/ament_prefix_path.sh'
[25.760s] INFO:colcon.colcon_core.shell:Skip shell extension 'powershell' for command environment: Not usable outside of PowerShell
[25.760s] DEBUG:colcon.colcon_core.shell:Skip shell extension 'dsv' for command environment
[28.004s] INFO:colcon.colcon_core.task.python.build:Building Python package in '/home/ant/gazebo tutorials/home/11_move_around/src/autonomous_exploration'
[28.381s] INFO:colcon.colcon_core.shell:Skip shell extension 'powershell' for command environment: Not usable outside of PowerShell
[28.381s] DEBUG:colcon.colcon_core.shell:Skip shell extension 'dsv' for command environment
[30.592s] INFO:colcon.colcon_core.task.python.build:Building Python package in '/home/ant/gazebo tutorials/home/11_move_around/src/spawn_entity'
[31.056s] INFO:colcon.colcon_core.shell:Skip shell extension 'powershell' for command environment: Not usable outside of PowerShell
[31.056s] DEBUG:colcon.colcon_core.shell:Skip shell extension 'dsv' for command environment
[35.867s] DEBUG:colcon.colcon_core.event_handler.log_command:Invoking command in '/home/ant/gazebo tutorials/home/11_move_around/src/spawn_entity': PYTHONPATH=/home/ant/gazebo tutorials/home/11_move_around/build/spawn_entity/prefix_override:/home/ant/gazebo tutorials/home/11_move_around/install/spawn_entity/lib/python3.8/site-packages:${PYTHONPATH} /usr/bin/python3 setup.py egg_info --egg-base ../../build/spawn_entity build --build-base /home/ant/gazebo tutorials/home/11_move_around/build/spawn_entity/build install --record /home/ant/gazebo tutorials/home/11_move_around/build/spawn_entity/install.log --install-scripts $base/lib/spawn_entity --single-version-externally-managed
[36.006s] DEBUG:colcon.colcon_core.event_handler.log_command:Invoking command in '/home/ant/gazebo tutorials/home/11_move_around/src/autonomous_exploration': PYTHONPATH=/home/ant/gazebo tutorials/home/11_move_around/build/autonomous_exploration/prefix_override:/home/ant/gazebo tutorials/home/11_move_around/install/autonomous_exploration/lib/python3.8/site-packages:${PYTHONPATH} /usr/bin/python3 setup.py egg_info --egg-base ../../build/autonomous_exploration build --build-base /home/ant/gazebo tutorials/home/11_move_around/build/autonomous_exploration/build install --record /home/ant/gazebo tutorials/home/11_move_around/build/autonomous_exploration/install.log --single-version-externally-managed
[38.558s] DEBUG:colcon.colcon_core.event_handler.log_command:Invoked command in '/home/ant/gazebo tutorials/home/11_move_around/src/spawn_entity' returned '0': PYTHONPATH=/home/ant/gazebo tutorials/home/11_move_around/build/spawn_entity/prefix_override:/home/ant/gazebo tutorials/home/11_move_around/install/spawn_entity/lib/python3.8/site-packages:${PYTHONPATH} /usr/bin/python3 setup.py egg_info --egg-base ../../build/spawn_entity build --build-base /home/ant/gazebo tutorials/home/11_move_around/build/spawn_entity/build install --record /home/ant/gazebo tutorials/home/11_move_around/build/spawn_entity/install.log --install-scripts $base/lib/spawn_entity --single-version-externally-managed
[39.119s] Level 1:colcon.colcon_core.environment:checking '/home/ant/gazebo tutorials/home/11_move_around/install/spawn_entity' for CMake module files
[39.120s] Level 1:colcon.colcon_core.environment:checking '/home/ant/gazebo tutorials/home/11_move_around/install/spawn_entity' for CMake config files
[39.121s] Level 1:colcon.colcon_core.environment:checking '/home/ant/gazebo tutorials/home/11_move_around/install/spawn_entity/lib'
[39.122s] Level 1:colcon.colcon_core.environment:checking '/home/ant/gazebo tutorials/home/11_move_around/install/spawn_entity/bin'
[39.123s] Level 1:colcon.colcon_core.environment:checking '/home/ant/gazebo tutorials/home/11_move_around/install/spawn_entity/lib/pkgconfig/spawn_entity.pc'
[39.124s] Level 1:colcon.colcon_core.environment:checking '/home/ant/gazebo tutorials/home/11_move_around/install/spawn_entity/lib/python3.8/site-packages'
[39.124s] Level 1:colcon.colcon_core.shell:create_environment_hook('spawn_entity', 'pythonpath')
[39.500s] INFO:colcon.colcon_core.shell:Creating environment hook '/home/ant/gazebo tutorials/home/11_move_around/install/spawn_entity/share/spawn_entity/hook/pythonpath.ps1'
[39.501s] INFO:colcon.colcon_core.shell:Creating environment descriptor '/home/ant/gazebo tutorials/home/11_move_around/install/spawn_entity/share/spawn_entity/hook/pythonpath.dsv'
[39.514s] INFO:colcon.colcon_core.shell:Creating environment hook '/home/ant/gazebo tutorials/home/11_move_around/install/spawn_entity/share/spawn_entity/hook/pythonpath.sh'
[39.520s] Level 1:colcon.colcon_core.environment:checking '/home/ant/gazebo tutorials/home/11_move_around/install/spawn_entity/bin'
[39.520s] Level 1:colcon.colcon_core.environment:create_environment_scripts_only(spawn_entity)
[39.948s] INFO:colcon.colcon_core.shell:Creating package script '/home/ant/gazebo tutorials/home/11_move_around/install/spawn_entity/share/spawn_entity/package.ps1'
[39.997s] INFO:colcon.colcon_core.shell:Creating package descriptor '/home/ant/gazebo tutorials/home/11_move_around/install/spawn_entity/share/spawn_entity/package.dsv'
[40.000s] INFO:colcon.colcon_core.shell:Creating package script '/home/ant/gazebo tutorials/home/11_move_around/install/spawn_entity/share/spawn_entity/package.sh'
[40.003s] INFO:colcon.colcon_core.shell:Creating package script '/home/ant/gazebo tutorials/home/11_move_around/install/spawn_entity/share/spawn_entity/package.bash'
[40.009s] INFO:colcon.colcon_core.shell:Creating package script '/home/ant/gazebo tutorials/home/11_move_around/install/spawn_entity/share/spawn_entity/package.zsh'
[40.016s] Level 1:colcon.colcon_core.environment:create_file_with_runtime_dependencies(/home/ant/gazebo tutorials/home/11_move_around/install/spawn_entity/share/colcon-core/packages/spawn_entity)
[40.026s] DEBUG:colcon.colcon_core.event_handler.log_command:Invoked command in '/home/ant/gazebo tutorials/home/11_move_around/src/autonomous_exploration' returned '0': PYTHONPATH=/home/ant/gazebo tutorials/home/11_move_around/build/autonomous_exploration/prefix_override:/home/ant/gazebo tutorials/home/11_move_around/install/autonomous_exploration/lib/python3.8/site-packages:${PYTHONPATH} /usr/bin/python3 setup.py egg_info --egg-base ../../build/autonomous_exploration build --build-base /home/ant/gazebo tutorials/home/11_move_around/build/autonomous_exploration/build install --record /home/ant/gazebo tutorials/home/11_move_around/build/autonomous_exploration/install.log --single-version-externally-managed
[40.456s] Level 1:colcon.colcon_core.environment:checking '/home/ant/gazebo tutorials/home/11_move_around/install/autonomous_exploration' for CMake module files
[40.457s] Level 1:colcon.colcon_core.environment:checking '/home/ant/gazebo tutorials/home/11_move_around/install/autonomous_exploration' for CMake config files
[40.460s] Level 1:colcon.colcon_core.environment:checking '/home/ant/gazebo tutorials/home/11_move_around/install/autonomous_exploration/lib'
[40.461s] Level 1:colcon.colcon_core.environment:checking '/home/ant/gazebo tutorials/home/11_move_around/install/autonomous_exploration/bin'
[40.461s] Level 1:colcon.colcon_core.environment:checking '/home/ant/gazebo tutorials/home/11_move_around/install/autonomous_exploration/lib/pkgconfig/autonomous_exploration.pc'
[40.463s] Level 1:colcon.colcon_core.environment:checking '/home/ant/gazebo tutorials/home/11_move_around/install/autonomous_exploration/lib/python3.8/site-packages'
[40.463s] Level 1:colcon.colcon_core.shell:create_environment_hook('autonomous_exploration', 'pythonpath')
[40.859s] INFO:colcon.colcon_core.shell:Creating environment hook '/home/ant/gazebo tutorials/home/11_move_around/install/autonomous_exploration/share/autonomous_exploration/hook/pythonpath.ps1'
[40.860s] INFO:colcon.colcon_core.shell:Creating environment descriptor '/home/ant/gazebo tutorials/home/11_move_around/install/autonomous_exploration/share/autonomous_exploration/hook/pythonpath.dsv'
[40.862s] INFO:colcon.colcon_core.shell:Creating environment hook '/home/ant/gazebo tutorials/home/11_move_around/install/autonomous_exploration/share/autonomous_exploration/hook/pythonpath.sh'
[40.863s] Level 1:colcon.colcon_core.environment:checking '/home/ant/gazebo tutorials/home/11_move_around/install/autonomous_exploration/bin'
[40.864s] Level 1:colcon.colcon_core.environment:create_environment_scripts_only(autonomous_exploration)
[41.222s] INFO:colcon.colcon_core.shell:Creating package script '/home/ant/gazebo tutorials/home/11_move_around/install/autonomous_exploration/share/autonomous_exploration/package.ps1'
[41.225s] INFO:colcon.colcon_core.shell:Creating package descriptor '/home/ant/gazebo tutorials/home/11_move_around/install/autonomous_exploration/share/autonomous_exploration/package.dsv'
[41.227s] INFO:colcon.colcon_core.shell:Creating package script '/home/ant/gazebo tutorials/home/11_move_around/install/autonomous_exploration/share/autonomous_exploration/package.sh'
[41.228s] INFO:colcon.colcon_core.shell:Creating package script '/home/ant/gazebo tutorials/home/11_move_around/install/autonomous_exploration/share/autonomous_exploration/package.bash'
[41.231s] INFO:colcon.colcon_core.shell:Creating package script '/home/ant/gazebo tutorials/home/11_move_around/install/autonomous_exploration/share/autonomous_exploration/package.zsh'
[41.237s] Level 1:colcon.colcon_core.environment:create_file_with_runtime_dependencies(/home/ant/gazebo tutorials/home/11_move_around/install/autonomous_exploration/share/colcon-core/packages/autonomous_exploration)
[41.241s] DEBUG:colcon.colcon_parallel_executor.executor.parallel:closing loop
[41.242s] DEBUG:colcon.colcon_parallel_executor.executor.parallel:loop closed
[41.243s] DEBUG:colcon.colcon_parallel_executor.executor.parallel:run_until_complete finished with '0'
[41.243s] DEBUG:colcon.colcon_core.event_reactor:joining thread
[41.613s] INFO:colcon.colcon_core.plugin_system:Skipping extension 'colcon_notification.desktop_notification.terminal_notifier': Not used on non-Darwin systems
[41.615s] INFO:colcon.colcon_core.plugin_system:Skipping extension 'colcon_notification.desktop_notification.win32': Not used on non-Windows systems
[41.615s] INFO:colcon.colcon_notification.desktop_notification:Sending desktop notification using 'notify2'
[41.695s] DEBUG:colcon.colcon_core.event_reactor:joined thread
[42.003s] INFO:colcon.colcon_core.shell:Creating prefix script '/home/ant/gazebo tutorials/home/11_move_around/install/local_setup.ps1'
[42.052s] INFO:colcon.colcon_core.shell:Creating prefix util module '/home/ant/gazebo tutorials/home/11_move_around/install/_local_setup_util_ps1.py'
[42.058s] INFO:colcon.colcon_core.shell:Creating prefix chain script '/home/ant/gazebo tutorials/home/11_move_around/install/setup.ps1'
[42.376s] INFO:colcon.colcon_core.shell:Creating prefix script '/home/ant/gazebo tutorials/home/11_move_around/install/local_setup.sh'
[42.378s] INFO:colcon.colcon_core.shell:Creating prefix util module '/home/ant/gazebo tutorials/home/11_move_around/install/_local_setup_util_sh.py'
[42.380s] INFO:colcon.colcon_core.shell:Creating prefix chain script '/home/ant/gazebo tutorials/home/11_move_around/install/setup.sh'
[42.712s] INFO:colcon.colcon_core.shell:Creating prefix script '/home/ant/gazebo tutorials/home/11_move_around/install/local_setup.bash'
[42.716s] INFO:colcon.colcon_core.shell:Creating prefix chain script '/home/ant/gazebo tutorials/home/11_move_around/install/setup.bash'
[43.072s] INFO:colcon.colcon_core.shell:Creating prefix script '/home/ant/gazebo tutorials/home/11_move_around/install/local_setup.zsh'
[43.076s] INFO:colcon.colcon_core.shell:Creating prefix chain script '/home/ant/gazebo tutorials/home/11_move_around/install/setup.zsh'
